This is LuaHBTeX, Version 1.13.0 (TeX Live 2021/W32TeX)  (format=lualatex 2021.4.10)  14 JAN 2022 15:46
 restricted system commands enabled.
**自然数与集合论.tex
(./自然数与集合论.tex
LaTeX2e <2020-10-01> patch level 4
Lua module: luaotfload 2021-01-08 3.17 Lua based OpenType font support
Lua module: lualibs 2020-12-30 2.73 ConTeXt Lua standard libraries.
Lua module: lualibs-extended 2020-12-30 2.73 ConTeXt Lua libraries -- extended c
ollection.
luaotfload | conf : Root cache directory is "C:/texlive/2021/texmf-var/luatex-ca
che/generic/names".
luaotfload | init : Loading fontloader "fontloader-2021-01-07.lua" from kpse-res
olved path "c:/texlive/2021/texmf-dist/tex/luatex/luaotfload/fontloader-2021-01-
07.lua".
Lua-only attribute luaotfload@noligature = 1
Lua-only attribute luaotfload@syllabe = 2
luaotfload | init : Context OpenType loader version 0x1.8e76c8b439581p+1
Inserting `luaotfload.node_processor' at position 1 in `pre_linebreak_filter'.
Inserting `luaotfload.node_processor' at position 1 in `hpack_filter'.
Inserting `luaotfload.glyph_stream' at position 1 in `glyph_stream_provider'.
Inserting `luaotfload.define_font' at position 1 in `define_font'.
Lua-only attribute luaotfload_color_attribute = 3
luaotfload | conf : Root cache directory is "C:/texlive/2021/texmf-var/luatex-ca
che/generic/names".
Inserting `luaotfload.harf.strip_prefix' at position 1 in `find_opentype_file'.
Inserting `luaotfload.harf.strip_prefix' at position 1 in `find_truetype_file'.
Inserting `luaotfload.harf.finalize_vlist' at position 1 in `post_linebreak_filt
er'.
Inserting `luaotfload.harf.finalize_hlist' at position 2 in `hpack_filter'.
Inserting `luaotfload.cleanup_files' at position 1 in `wrapup_run'.
Inserting `luaotfload.harf.finalize_unicode' at position 1 in `finish_pdffile'.
Inserting `luaotfload.glyphinfo' at position 1 in `glyph_info'.
Inserting `luaotfload.aux.set_sscale_dimens' at position 1 in `luaotfload.patch_
font'.
Inserting `luaotfload.aux.set_font_index' at position 2 in `luaotfload.patch_fon
t'.
Inserting `luaotfload.aux.patch_cambria_domh' at position 3 in `luaotfload.patch
_font'.
Inserting `luaotfload.aux.fixup_fontdata' at position 1 in `luaotfload.patch_fon
t_unsafe'.
Inserting `luaotfload.aux.set_capheight' at position 4 in `luaotfload.patch_font
'.
Inserting `luaotfload.aux.set_xheight' at position 5 in `luaotfload.patch_font'.
Inserting `luaotfload.rewrite_fontname' at position 6 in `luaotfload.patch_font'
. L3 programming layer <2021-02-18>
(c:/texlive/2021/texmf-dist/tex/latex/ctex/ctexart.cls
(c:/texlive/2021/texmf-dist/tex/latex/ctex/config/ctexbackend.cfg
File: ctexbackend.cfg 2021/03/14 v2.5.6 Backend configuration file (CTEX)
)
(c:/texlive/2021/texmf-dist/tex/latex/l3kernel/expl3.sty
Package: expl3 2021-02-18 L3 programming layer (loader) 

(c:/texlive/2021/texmf-dist/tex/latex/l3backend/l3backend-luatex.def
File: l3backend-luatex.def 2021-03-18 L3 backend support: PDF output (LuaTeX)
\l__color_backend_stack_int=\count175
\l__pdf_internal_box=\box47
))
Document Class: ctexart 2021/03/14 v2.5.6 Chinese adapter for class article (CT
EX)
(c:/texlive/2021/texmf-dist/tex/latex/l3packages/xparse/xparse.sty
(c:/texlive/2021/texmf-dist/tex/latex/l3packages/xparse/xparse-2020-10-01.sty
(c:/texlive/2021/texmf-dist/tex/latex/l3packages/xparse/xparse-generic.tex)))
(c:/texlive/2021/texmf-dist/tex/latex/l3packages/l3keys2e/l3keys2e.sty
Package: l3keys2e 2021-03-12 LaTeX2e option processing using LaTeX3 keys
)
(c:/texlive/2021/texmf-dist/tex/latex/ctex/ctexhook.sty
Package: ctexhook 2021/03/14 v2.5.6 Document and package hooks (CTEX)
)
(c:/texlive/2021/texmf-dist/tex/latex/ctex/ctexpatch.sty
Package: ctexpatch 2021/03/14 v2.5.6 Patching commands (CTEX)
)
(c:/texlive/2021/texmf-dist/tex/latex/base/fix-cm.sty
Package: fix-cm 2015/01/14 v1.1t fixes to LaTeX

(c:/texlive/2021/texmf-dist/tex/latex/base/ts1enc.def
File: ts1enc.def 2001/06/05 v3.0e (jk/car/fm) Standard LaTeX file
LaTeX Font Info:    Redeclaring font encoding TS1 on input line 47.
))
(c:/texlive/2021/texmf-dist/tex/latex/everysel/everysel.sty
Package: everysel 2021/01/20 v2.1 EverySelectfont Package (MS)

(c:/texlive/2021/texmf-dist/tex/latex/everysel/everysel-2011-10-28.sty))
\l__ctex_tmp_int=\count176
\l__ctex_tmp_box=\box48
\l__ctex_tmp_dim=\dimen138
\g__ctex_section_depth_int=\count177
\g__ctex_font_size_int=\count178

(c:/texlive/2021/texmf-dist/tex/latex/ctex/config/ctexopts.cfg
File: ctexopts.cfg 2021/03/14 v2.5.6 Option configuration file (CTEX)
)
(c:/texlive/2021/texmf-dist/tex/latex/base/article.cls
Document Class: article 2020/04/10 v1.4m Standard LaTeX document class
(c:/texlive/2021/texmf-dist/tex/latex/base/size10.clo
File: size10.clo 2020/04/10 v1.4m Standard LaTeX file (size option)
luaotfload | db : Font names database loaded from C:/texlive/2021/texmf-var/luat
ex-cache/generic/names/luaotfload-names.luc)
\c@part=\count179
\c@section=\count180
\c@subsection=\count181
\c@subsubsection=\count182
\c@paragraph=\count183
\c@subparagraph=\count184
\c@figure=\count185
\c@table=\count186
\abovecaptionskip=\skip47
\belowcaptionskip=\skip48
\bibindent=\dimen139
)
(c:/texlive/2021/texmf-dist/tex/latex/ctex/engine/ctex-engine-luatex.def
File: ctex-engine-luatex.def 2021/03/14 v2.5.6 LuaLaTeX adapter (CTEX)

(c:/texlive/2021/texmf-dist/tex/luatex/luatexja/luatexja.sty
Package: luatexja 2021-03-19 Japanese Typesetting with Lua(La)TeX

(c:/texlive/2021/texmf-dist/tex/luatex/luatexja/luatexja-core.sty
Package: luatexja-core 2021-03-16 Core of LuaTeX-ja

(c:/texlive/2021/texmf-dist/tex/luatex/luatexbase/luatexbase.sty
Package: luatexbase 2015/10/04 v1.3 luatexbase interface to LuaTeX 

(c:/texlive/2021/texmf-dist/tex/luatex/ctablestack/ctablestack.sty
Package: ctablestack 2015/10/01 v1.0 Catcode table stable support
\@catcodetablestackcnt=\count187
)
\CatcodeTableOther=\catcodetable12
\CatcodeTableExpl=\catcodetable13
)
(c:/texlive/2021/texmf-dist/tex/generic/ltxcmds/ltxcmds.sty
Package: ltxcmds 2020-05-10 v1.25 LaTeX kernel commands for general use (HO)
)
(c:/texlive/2021/texmf-dist/tex/generic/pdftexcmds/pdftexcmds.sty
Package: pdftexcmds 2020-06-27 v0.33 Utility functions of pdfTeX for LuaTeX (HO
)

(c:/texlive/2021/texmf-dist/tex/generic/infwarerr/infwarerr.sty
Package: infwarerr 2019/12/03 v1.5 Providing info/warning/error messages (HO)
)
(c:/texlive/2021/texmf-dist/tex/generic/iftex/iftex.sty
Package: iftex 2020/03/06 v1.0d TeX engine tests
)
Package pdftexcmds Info: \pdf@primitive is available.
Package pdftexcmds Info: \pdf@ifprimitive is available.
Package pdftexcmds Info: \pdfdraftmode found.
\pdftexcmds@toks=\toks15
)
(c:/texlive/2021/texmf-dist/tex/latex/xkeyval/xkeyval.sty
Package: xkeyval 2020/11/20 v2.8 package option processing (HA)

(c:/texlive/2021/texmf-dist/tex/generic/xkeyval/xkeyval.tex
(c:/texlive/2021/texmf-dist/tex/generic/xkeyval/xkvutils.tex
\XKV@toks=\toks16
\XKV@tempa@toks=\toks17

(c:/texlive/2021/texmf-dist/tex/generic/xkeyval/keyval.tex))
\XKV@depth=\count188
File: xkeyval.tex 2014/12/03 v2.7a key=value parser (HA)
))
(c:/texlive/2021/texmf-dist/tex/latex/etoolbox/etoolbox.sty
Package: etoolbox 2020/10/05 v2.5k e-TeX tools for LaTeX (JAW)
\etb@tempcnta=\count189
)
(c:/texlive/2021/texmf-dist/tex/latex/everyhook/everyhook.sty
(c:/texlive/2021/texmf-dist/tex/latex/svn-prov/svn-prov.sty
Package: svn-prov 2010/04/24 v3.1862 Package Date/Version from SVN Keywords
)
Package: everyhook 2014/11/26 v1.2 (SVN Rev: 12)\ Hooks for low level TeX every
X primitives.
\everypar=\toks18
\frozen@everymath=\toks19
\frozen@everydisplay=\toks20
\everyhbox=\toks21
\everyvbox=\toks22
\everycr=\toks23
)
\ltjlineendcomment=\count190
\ltj@dimen@zw=\dimen140
\ltj@dimen@zh=\dimen141
\ltj@dimen@jQ=\dimen142
\ltj@icflag=\attribute4
\ltj@curjfnt=\attribute5
\ltj@curtfnt=\attribute6
\ltj@charclass=\attribute7
\ltj@charcode=\attribute8
\ltj@autospc=\attribute9
\ltj@autoxspc=\attribute10
\ltj@yablshift=\attribute11
\ltj@ykblshift=\attribute12
\ltj@tablshift=\attribute13
\ltj@tkblshift=\attribute14
\jfam=\attribute15
\ltj@vert@ori=\attribute16
\ltj@dir=\attribute17
\ltj@@japanese=\language2
\ltj@tempcnta=\count191
\ltj@kcat0=\attribute18
\ltj@kcat1=\attribute19
\ltj@kcat2=\attribute20
\ltj@kcat3=\attribute21
\ltj@kcat4=\attribute22
\ltj@kcat5=\attribute23
\ltj@kcat6=\attribute24
Custom whatsit inhibitglue = 1
Custom whatsit stack_marker = 2
Custom whatsit begin_par = 3
Custom whatsit direction = 4
Custom whatsit box_boundary = 5
Custom whatsit ja_al_boundary = 6(load cache: ltj-cid-auto-adobe-japan1.luc)
Lua module: luatexja.charrange 2020-07-30 Handling the range of Japanese charact
ers
Lua module: luatexja.stack 2020-07-30 LuaTeX-ja stack system
Inserting `ltj.create_dir_whatsit' at position 3 in `hpack_filter'.
Inserting `ltj.create_dir_whatsit' at position 2 in `post_linebreak_filter'.
Inserting `ltj.direction' at position 1 in `vpack_filter'.
Inserting `ltj.direction' at position 1 in `pre_output_filter'.
Inserting `ltj.lineskip' at position 3 in `post_linebreak_filter'.
Inserting `ltj.lineskip' at position 1 in `append_to_vlist_filter'.
Lua module: luatexja.jfont 2020-10-05 Loader for Japanese fonts
Removing  `luaotfload.define_font' from `define_font'.
Inserting `luatexja.font_callback' at position 1 in `define_font'.
Removing  `luaotfload.aux.set_sscale_dimens' from `luaotfload.patch_font'.
Removing  `luaotfload.aux.set_font_index' from `luaotfload.patch_font'.
Removing  `luaotfload.aux.patch_cambria_domh' from `luaotfload.patch_font'.
Removing  `luaotfload.aux.set_capheight' from `luaotfload.patch_font'.
Removing  `luaotfload.aux.set_xheight' from `luaotfload.patch_font'.
Removing  `luaotfload.rewrite_fontname' from `luaotfload.patch_font'.
Inserting `ltj.prepare_extra_data' at position 1 in `luaotfload.patch_font'.
Inserting `luaotfload.aux.set_sscale_dimens' at position 2 in `luaotfload.patch_
font'.
Inserting `luaotfload.aux.set_font_index' at position 3 in `luaotfload.patch_fon
t'.
Inserting `luaotfload.aux.patch_cambria_domh' at position 4 in `luaotfload.patch
_font'.
Inserting `luaotfload.aux.set_capheight' at position 5 in `luaotfload.patch_font
'.
Inserting `luaotfload.aux.set_xheight' at position 6 in `luaotfload.patch_font'.
Inserting `luaotfload.rewrite_fontname' at position 7 in `luaotfload.patch_font'
.
Inserting `ltj.prepare_extra_data' at position 1 in `luatexja.define_font'.(load
 cache: extra_lmroman10-regular.luc)
Inserting `ltj.get_vert_form' at position 1 in `luatexja.define_jfont'.
Removing  `ltj.prepare_extra_data' from `luaotfload.patch_font'.
Removing  `luaotfload.aux.set_sscale_dimens' from `luaotfload.patch_font'.
Removing  `luaotfload.aux.set_font_index' from `luaotfload.patch_font'.
Removing  `luaotfload.aux.patch_cambria_domh' from `luaotfload.patch_font'.
Removing  `luaotfload.aux.set_capheight' from `luaotfload.patch_font'.
Removing  `luaotfload.aux.set_xheight' from `luaotfload.patch_font'.
Removing  `luaotfload.rewrite_fontname' from `luaotfload.patch_font'.
Inserting `ltj.supply_tounicode' at position 1 in `luaotfload.patch_font'.
Inserting `ltj.prepare_extra_data' at position 2 in `luaotfload.patch_font'.
Inserting `luaotfload.aux.set_sscale_dimens' at position 3 in `luaotfload.patch_
font'.
Inserting `luaotfload.aux.set_font_index' at position 4 in `luaotfload.patch_fon
t'.
Inserting `luaotfload.aux.patch_cambria_domh' at position 5 in `luaotfload.patch
_font'.
Inserting `luaotfload.aux.set_capheight' at position 6 in `luaotfload.patch_font
'.
Inserting `luaotfload.aux.set_xheight' at position 7 in `luaotfload.patch_font'.
Inserting `luaotfload.rewrite_fontname' at position 8 in `luaotfload.patch_font'
.
Inserting `ltj.process_input_buffer' at position 1 in `process_input_buffer'.
Inserting `ltj.hyphenate' at position 1 in `hyphenate'.
Removing  `luaotfload.node_processor' from `hpack_filter'.
Removing  `luaotfload.harf.finalize_hlist' from `hpack_filter'.
Removing  `ltj.create_dir_whatsit' from `hpack_filter'.
Inserting `ltj.set_stack_level' at position 1 in `hpack_filter'.
Inserting `luaotfload.node_processor' at position 2 in `hpack_filter'.
Inserting `luaotfload.harf.finalize_hlist' at position 3 in `hpack_filter'.
Inserting `ltj.create_dir_whatsit' at position 4 in `hpack_filter'.
Removing  `luaotfload.node_processor' from `pre_linebreak_filter'.
Inserting `ltj.set_stack_level' at position 1 in `pre_linebreak_filter'.
Inserting `luaotfload.node_processor' at position 2 in `pre_linebreak_filter'.
Lua module: luatexja.jfmglue 2021-02-11 Insertion process of JFM glues, [x]kanji
skip and others
Inserting `luatexja.beginpar.np_info' at position 1 in `luatexja.jfmglue.whatsit
_getinfo'.
Inserting `luatexja.beginpar.np_info_after' at position 1 in `luatexja.jfmglue.w
hatsit_after'.
Inserting `ltj.mlist_to_hlist_pre' at position 1 in `pre_mlist_to_hlist_filter'.
Inserting `ltj.main' at position 3 in `pre_linebreak_filter'.
Removing  `luaotfload.harf.finalize_hlist' from `hpack_filter'.
Removing  `ltj.create_dir_whatsit' from `hpack_filter'.
Inserting `ltj.main' at position 3 in `hpack_filter'.
Inserting `luaotfload.harf.finalize_hlist' at position 4 in `hpack_filter'.
Inserting `ltj.create_dir_whatsit' at position 5 in `hpack_filter'.
Removing  `ltj.set_stack_level' from `pre_linebreak_filter'.
Removing  `luaotfload.node_processor' from `pre_linebreak_filter'.
Removing  `ltj.main' from `pre_linebreak_filter'.
Inserting `ltj.adjust_icflag' at position 1 in `pre_linebreak_filter'.
Inserting `ltj.set_stack_level' at position 2 in `pre_linebreak_filter'.
Inserting `luaotfload.node_processor' at position 3 in `pre_linebreak_filter'.
Inserting `ltj.main' at position 4 in `pre_linebreak_filter'.
Removing  `ltj.set_stack_level' from `hpack_filter'.
Removing  `luaotfload.node_processor' from `hpack_filter'.
Removing  `ltj.main' from `hpack_filter'.
Removing  `luaotfload.harf.finalize_hlist' from `hpack_filter'.
Removing  `ltj.create_dir_whatsit' from `hpack_filter'.
Inserting `ltj.adjust_icflag' at position 1 in `hpack_filter'.
Inserting `ltj.set_stack_level' at position 2 in `hpack_filter'.
Inserting `luaotfload.node_processor' at position 3 in `hpack_filter'.
Inserting `ltj.main' at position 4 in `hpack_filter'.
Inserting `luaotfload.harf.finalize_hlist' at position 5 in `hpack_filter'.
Inserting `ltj.create_dir_whatsit' at position 6 in `hpack_filter'.
(c:/texlive/2021/texmf-dist/tex/luatex/luatexja/ltj-base.sty
Package: ltj-base 2021-03-16
\ltj@tempcntb=\count192
\ltj@tempcntc=\count193
\ltj@tempdima=\dimen143
\ltj@afbox=\box49
)
\ltj@@italic@inner=\luafunction11
\ltj@@start@time@measure@inner=\luafunction12
\ltj@@stop@time@measure@inner=\luafunction13
\ltj@@jfont@inner=\luafunction14
\ltj@zw@inner=\luafunction15
\ltj@zh@inner=\luafunction16
\ltj@reset@globaldefs@inner=\luafunction17
\ltj@restore@globaldefs@inner=\luafunction18
\ltj@@disihb@inner=\luafunction19
\ltj@@ihb@inner=\luafunction20
\ltj@@fakeparbegin@inner=\luafunction21
\ltj@@fakeboxbdd@inner=\luafunction22
\ltj@@ins@xk@inner=\luafunction23
\ltj@@ins@k@inner=\luafunction24
\ltj@@stack=\count194
\ltj@@group@level=\count195
\ltjsetkanjiskip@inner=\luafunction25
\ltjsetxkanjiskip@inner=\luafunction26
\ltj@@getparam@one@inner=\luafunction27
\ltj@alljachar@inner=\luafunction28
\ltj@@lua@populate@insertwhatsit@inner=\luafunction29
\ltj@@box@dirhook@inner=\luafunction30
\ltj@@reset@badness@inner=\luafunction31
\ltj@@lua@raisebox@inner=\luafunction32
\ltj@@lua@unboxcheckdir@inner=\luafunction33
(load cache: ltj-kinsoku_default.luc)
\ltj@temp@cctb=\catcodetable14
)
(c:/texlive/2021/texmf-dist/tex/luatex/luatexja/luatexja-compat.sty
Package: luatexja-compat 2020-08-08 Compatibility with pTeX
(load cache: ltj-jisx0208.luc)
\hour=\count196
\minute=\count197
))
(c:/texlive/2021/texmf-dist/tex/latex/fontspec/fontspec.sty
Package: fontspec 2020/02/21 v2.7i Font selection for XeLaTeX and LuaLaTeX
Lua module: fontspec 2020/02/21 2.7i Font selection for XeLaTeX and LuaLaTeX
(c:/texlive/2021/texmf-dist/tex/latex/fontspec/fontspec-luatex.sty
Package: fontspec-luatex 2020/02/21 v2.7i Font selection for XeLaTeX and LuaLaT
eX
\l__fontspec_script_int=\count198
\l__fontspec_language_int=\count199
\l__fontspec_strnum_int=\count266
\l__fontspec_tmp_int=\count267
\l__fontspec_tmpa_int=\count268
\l__fontspec_tmpb_int=\count269
\l__fontspec_tmpc_int=\count270
\l__fontspec_em_int=\count271
\l__fontspec_emdef_int=\count272
\l__fontspec_strong_int=\count273
\l__fontspec_strongdef_int=\count274
\l__fontspec_tmpa_dim=\dimen144
\l__fontspec_tmpb_dim=\dimen145
\l__fontspec_tmpc_dim=\dimen146

(c:/texlive/2021/texmf-dist/tex/latex/base/fontenc.sty
Package: fontenc 2020/08/10 v2.0s Standard LaTeX package
)
(c:/texlive/2021/texmf-dist/tex/latex/fontspec/fontspec.cfg)(load cache: extra_l
mroman10-bold.luc)))
(c:/texlive/2021/texmf-dist/tex/latex/base/tuenc.def
File: tuenc.def 2020/08/10 v2.0s Standard LaTeX file
\@remove@tlig@@@@=\luafunction34
LaTeX Font Info:    Redeclaring font encoding TU on input line 106.
)
Lua function ctex = 35
Lua function ctex = 36
Lua function ctex = 37
Lua function ctex = 38
Lua function ctex = 39
Lua function ctex = 40
Lua function ctex = 41
Lua function ctex = 42
Lua function ctex = 43
Lua function ctex = 44
\symCJKmath=\mathgroup4
LaTeX Font Info:    Overwriting symbol font `CJKmath' in version `bold'
(Font)                  LTJY3/song/m/n --> LTJY3/song/b/n on input line 462.
\g__ctex_ltj_family_int=\count275
\ccwd=\dimen147
\l__ctex_ccglue_skip=\skip49
(load cache: ltj-cid-auto-adobe-gb1.luc)
(c:/texlive/2021/texmf-dist/tex/luatex/luatexja/jfm-quanjiao.lua)
\l__ctex_xkanjiskip_skip=\skip50
\cht=\dimen148
\cdp=\dimen149
\cwd=\dimen150
Lua function ctex = 45)
\l__ctex_ziju_dim=\dimen151

(c:/texlive/2021/texmf-dist/tex/latex/zhnumber/zhnumber.sty
Package: zhnumber 2020/05/01 v2.8 Typesetting numbers with Chinese glyphs
\l__zhnum_scale_int=\count276

(c:/texlive/2021/texmf-dist/tex/latex/zhnumber/zhnumber-utf8.cfg
File: zhnumber-utf8.cfg 2020/05/01 v2.8 Chinese numerals with UTF8 encoding
))
\l__ctex_heading_skip=\skip51

(c:/texlive/2021/texmf-dist/tex/latex/ctex/scheme/ctex-scheme-chinese-article.d
ef
File: ctex-scheme-chinese-article.def 2021/03/14 v2.5.6 Chinese scheme for arti
cle (CTEX)
 (c:/texlive/2021/texmf-dist/tex/latex/ctex/config/ctex-name-utf8.cfg
File: ctex-name-utf8.cfg 2021/03/14 v2.5.6 Caption with encoding UTF-8 (CTEX)
))
(c:/texlive/2021/texmf-dist/tex/latex/ctex/ctex-c5size.clo
File: ctex-c5size.clo 2021/03/14 v2.5.6 c5size option (CTEX)
)(load cache: extra_lmroman8-regular.luc)
(c:/texlive/2021/texmf-dist/tex/latex/ctex/fontset/ctex-fontset-windows.def
File: ctex-fontset-windows.def 2021/03/14 v2.5.6 Windows fonts definition (CTEX
)
luaotfload | cache : Lookup cache loaded from C:/texlive/2021/texmf-var/luatex-c
ache/generic/names/luaotfload-lookup-cache.luc.(load cache: extra_simsun.luc)(lo
ad cache: extra_kaiti.luc)

Package fontspec Info: Could not resolve font "KaiTi/B" (it probably doesn't
(fontspec)             exist).

(load cache: extra_simhei.luc)

Package fontspec Info: Could not resolve font "SimHei/I" (it probably doesn't
(fontspec)             exist).


Package fontspec Info: Could not resolve font "SimSun/BI" (it probably doesn't
(fontspec)             exist).

luaotfload | aux : font no 33 (nil) does not define feature smcp for script latn
 with language dflt
luaotfload | aux : font no 34 (nil) does not define feature smcp for script latn
 with language dflt
luaotfload | aux : font no 35 (nil) does not define feature smcp for script latn
 with language dflt

Package fontspec Info: Font family 'SimSun(0)' created for font 'SimSun' with
(fontspec)             options
(fontspec)             [NFSSEncoding=LTJY3,JFM=quanjiao,BoldFont={SimHei},Itali
cFont={KaiTi},LTJFONTUID=1].
(fontspec)              
(fontspec)              This font family consists of the following NFSS
(fontspec)             series/shapes:
(fontspec)              
(fontspec)             - 'normal' (m/n) with NFSS spec.:
(fontspec)             <->"SimSun:mode=node;script=latn;language=dflt;jfm=quanj
iao;"
(fontspec)             - 'small caps'  (m/sc) with NFSS spec.: 
(fontspec)             - 'bold' (b/n) with NFSS spec.:
(fontspec)             <->"SimHei:mode=node;script=latn;language=dflt;jfm=quanj
iao;"
(fontspec)             - 'bold small caps'  (b/sc) with NFSS spec.: 
(fontspec)             - 'italic' (m/it) with NFSS spec.:
(fontspec)             <->"KaiTi:mode=node;script=latn;language=dflt;jfm=quanji
ao;"
(fontspec)             - 'italic small caps'  (m/scit) with NFSS spec.: 

))
(c:/texlive/2021/texmf-dist/tex/latex/ctex/config/ctex.cfg
File: ctex.cfg 2021/03/14 v2.5.6 Configuration file (CTEX)
)
(c:/texlive/2021/texmf-dist/tex/latex/graphics/graphicx.sty
Package: graphicx 2020/09/09 v1.2b Enhanced LaTeX Graphics (DPC,SPQR)

(c:/texlive/2021/texmf-dist/tex/latex/graphics/graphics.sty
Package: graphics 2020/08/30 v1.4c Standard LaTeX Graphics (DPC,SPQR)

(c:/texlive/2021/texmf-dist/tex/latex/graphics/trig.sty
Package: trig 2016/01/03 v1.10 sin cos tan (DPC)
)
(c:/texlive/2021/texmf-dist/tex/latex/graphics-cfg/graphics.cfg
File: graphics.cfg 2016/06/04 v1.11 sample graphics configuration
)
Package graphics Info: Driver file: luatex.def on input line 105.

(c:/texlive/2021/texmf-dist/tex/latex/graphics-def/luatex.def
File: luatex.def 2020/10/05 v1.2a Graphics/color driver for luatex
))
\Gin@req@height=\dimen152
\Gin@req@width=\dimen153
)
(./lilyglyphs.sty
Package: lilyglyphs 
 (c:/texlive/2021/texmf-dist/tex/latex/pgf/basiclayer/pgf.sty
(c:/texlive/2021/texmf-dist/tex/latex/pgf/utilities/pgfrcs.sty
(c:/texlive/2021/texmf-dist/tex/generic/pgf/utilities/pgfutil-common.tex
\pgfutil@everybye=\toks24
\pgfutil@tempdima=\dimen154
\pgfutil@tempdimb=\dimen155

(c:/texlive/2021/texmf-dist/tex/generic/pgf/utilities/pgfutil-common-lists.tex))
 (c:/texlive/2021/texmf-dist/tex/generic/pgf/utilities/pgfutil-latex.def
\pgfutil@abb=\box50
)
(c:/texlive/2021/texmf-dist/tex/generic/pgf/utilities/pgfrcs.code.tex
(c:/texlive/2021/texmf-dist/tex/generic/pgf/pgf.revision.tex)
Package: pgfrcs 2020/12/27 v3.1.8b (3.1.8b)
))
Package: pgf 2020/12/27 v3.1.8b (3.1.8b)

(c:/texlive/2021/texmf-dist/tex/latex/pgf/basiclayer/pgfcore.sty
(c:/texlive/2021/texmf-dist/tex/latex/pgf/systemlayer/pgfsys.sty
(c:/texlive/2021/texmf-dist/tex/generic/pgf/systemlayer/pgfsys.code.tex
Package: pgfsys 2020/12/27 v3.1.8b (3.1.8b)

(c:/texlive/2021/texmf-dist/tex/generic/pgf/utilities/pgfkeys.code.tex
\pgfkeys@pathtoks=\toks25
\pgfkeys@temptoks=\toks26

(c:/texlive/2021/texmf-dist/tex/generic/pgf/utilities/pgfkeysfiltered.code.tex
\pgfkeys@tmptoks=\toks27
))
\pgf@x=\dimen156
\pgf@y=\dimen157
\pgf@xa=\dimen158
\pgf@ya=\dimen159
\pgf@xb=\dimen160
\pgf@yb=\dimen161
\pgf@xc=\dimen162
\pgf@yc=\dimen163
\pgf@xd=\dimen164
\pgf@yd=\dimen165
\w@pgf@writea=\write3
\r@pgf@reada=\read2
\c@pgf@counta=\count277
\c@pgf@countb=\count278
\c@pgf@countc=\count279
\c@pgf@countd=\count280
\t@pgf@toka=\toks28
\t@pgf@tokb=\toks29
\t@pgf@tokc=\toks30
\pgf@sys@id@count=\count281
 (c:/texlive/2021/texmf-dist/tex/generic/pgf/systemlayer/pgf.cfg
File: pgf.cfg 2020/12/27 v3.1.8b (3.1.8b)
)
Driver file for pgf: pgfsys-luatex.def

(c:/texlive/2021/texmf-dist/tex/generic/pgf/systemlayer/pgfsys-luatex.def
File: pgfsys-luatex.def 2020/12/27 v3.1.8b (3.1.8b)

(c:/texlive/2021/texmf-dist/tex/generic/pgf/systemlayer/pgfsys-common-pdf.def
File: pgfsys-common-pdf.def 2020/12/27 v3.1.8b (3.1.8b)
)))
(c:/texlive/2021/texmf-dist/tex/generic/pgf/systemlayer/pgfsyssoftpath.code.tex
File: pgfsyssoftpath.code.tex 2020/12/27 v3.1.8b (3.1.8b)
\pgfsyssoftpath@smallbuffer@items=\count282
\pgfsyssoftpath@bigbuffer@items=\count283
)
(c:/texlive/2021/texmf-dist/tex/generic/pgf/systemlayer/pgfsysprotocol.code.tex
File: pgfsysprotocol.code.tex 2020/12/27 v3.1.8b (3.1.8b)
)) (c:/texlive/2021/texmf-dist/tex/latex/xcolor/xcolor.sty
Package: xcolor 2016/05/11 v2.12 LaTeX color extensions (UK)

(c:/texlive/2021/texmf-dist/tex/latex/graphics-cfg/color.cfg
File: color.cfg 2016/01/02 v1.6 sample color configuration
)
Package xcolor Info: Driver file: luatex.def on input line 225.
Package xcolor Info: Model `cmy' substituted by `cmy0' on input line 1348.
Package xcolor Info: Model `hsb' substituted by `rgb' on input line 1352.
Package xcolor Info: Model `RGB' extended on input line 1364.
Package xcolor Info: Model `HTML' substituted by `rgb' on input line 1366.
Package xcolor Info: Model `Hsb' substituted by `hsb' on input line 1367.
Package xcolor Info: Model `tHsb' substituted by `hsb' on input line 1368.
Package xcolor Info: Model `HSB' substituted by `hsb' on input line 1369.
Package xcolor Info: Model `Gray' substituted by `gray' on input line 1370.
Package xcolor Info: Model `wave' substituted by `hsb' on input line 1371.
)
(c:/texlive/2021/texmf-dist/tex/generic/pgf/basiclayer/pgfcore.code.tex
Package: pgfcore 2020/12/27 v3.1.8b (3.1.8b)

(c:/texlive/2021/texmf-dist/tex/generic/pgf/math/pgfmath.code.tex
(c:/texlive/2021/texmf-dist/tex/generic/pgf/math/pgfmathcalc.code.tex
(c:/texlive/2021/texmf-dist/tex/generic/pgf/math/pgfmathutil.code.tex)
(c:/texlive/2021/texmf-dist/tex/generic/pgf/math/pgfmathparser.code.tex
\pgfmath@dimen=\dimen166
\pgfmath@count=\count284
\pgfmath@box=\box51
\pgfmath@toks=\toks31
\pgfmath@stack@operand=\toks32
\pgfmath@stack@operation=\toks33
)
(c:/texlive/2021/texmf-dist/tex/generic/pgf/math/pgfmathfunctions.code.tex
(c:/texlive/2021/texmf-dist/tex/generic/pgf/math/pgfmathfunctions.basic.code.te
x)
(c:/texlive/2021/texmf-dist/tex/generic/pgf/math/pgfmathfunctions.trigonometric
.code.tex)
(c:/texlive/2021/texmf-dist/tex/generic/pgf/math/pgfmathfunctions.random.code.t
ex)
(c:/texlive/2021/texmf-dist/tex/generic/pgf/math/pgfmathfunctions.comparison.co
de.tex)
(c:/texlive/2021/texmf-dist/tex/generic/pgf/math/pgfmathfunctions.base.code.tex
)
(c:/texlive/2021/texmf-dist/tex/generic/pgf/math/pgfmathfunctions.round.code.te
x)
(c:/texlive/2021/texmf-dist/tex/generic/pgf/math/pgfmathfunctions.misc.code.tex
)
(c:/texlive/2021/texmf-dist/tex/generic/pgf/math/pgfmathfunctions.integerarithm
etics.code.tex)))
(c:/texlive/2021/texmf-dist/tex/generic/pgf/math/pgfmathfloat.code.tex
\c@pgfmathroundto@lastzeros=\count285
))
(c:/texlive/2021/texmf-dist/tex/generic/pgf/math/pgfint.code.tex)
(c:/texlive/2021/texmf-dist/tex/generic/pgf/basiclayer/pgfcorepoints.code.tex
File: pgfcorepoints.code.tex 2020/12/27 v3.1.8b (3.1.8b)
\pgf@picminx=\dimen167
\pgf@picmaxx=\dimen168
\pgf@picminy=\dimen169
\pgf@picmaxy=\dimen170
\pgf@pathminx=\dimen171
\pgf@pathmaxx=\dimen172
\pgf@pathminy=\dimen173
\pgf@pathmaxy=\dimen174
\pgf@xx=\dimen175
\pgf@xy=\dimen176
\pgf@yx=\dimen177
\pgf@yy=\dimen178
\pgf@zx=\dimen179
\pgf@zy=\dimen180
)
(c:/texlive/2021/texmf-dist/tex/generic/pgf/basiclayer/pgfcorepathconstruct.cod
e.tex
File: pgfcorepathconstruct.code.tex 2020/12/27 v3.1.8b (3.1.8b)
\pgf@path@lastx=\dimen181
\pgf@path@lasty=\dimen182
)
(c:/texlive/2021/texmf-dist/tex/generic/pgf/basiclayer/pgfcorepathusage.code.te
x
File: pgfcorepathusage.code.tex 2020/12/27 v3.1.8b (3.1.8b)
\pgf@shorten@end@additional=\dimen183
\pgf@shorten@start@additional=\dimen184
)
(c:/texlive/2021/texmf-dist/tex/generic/pgf/basiclayer/pgfcorescopes.code.tex
File: pgfcorescopes.code.tex 2020/12/27 v3.1.8b (3.1.8b)
\pgfpic=\box52
\pgf@hbox=\box53
\pgf@layerbox@main=\box54
\pgf@picture@serial@count=\count286
)
(c:/texlive/2021/texmf-dist/tex/generic/pgf/basiclayer/pgfcoregraphicstate.code
.tex
File: pgfcoregraphicstate.code.tex 2020/12/27 v3.1.8b (3.1.8b)
\pgflinewidth=\dimen185
)
(c:/texlive/2021/texmf-dist/tex/generic/pgf/basiclayer/pgfcoretransformations.c
ode.tex
File: pgfcoretransformations.code.tex 2020/12/27 v3.1.8b (3.1.8b)
\pgf@pt@x=\dimen186
\pgf@pt@y=\dimen187
\pgf@pt@temp=\dimen188
)
(c:/texlive/2021/texmf-dist/tex/generic/pgf/basiclayer/pgfcorequick.code.tex
File: pgfcorequick.code.tex 2020/12/27 v3.1.8b (3.1.8b)
)
(c:/texlive/2021/texmf-dist/tex/generic/pgf/basiclayer/pgfcoreobjects.code.tex
File: pgfcoreobjects.code.tex 2020/12/27 v3.1.8b (3.1.8b)
)
(c:/texlive/2021/texmf-dist/tex/generic/pgf/basiclayer/pgfcorepathprocessing.co
de.tex
File: pgfcorepathprocessing.code.tex 2020/12/27 v3.1.8b (3.1.8b)
)
(c:/texlive/2021/texmf-dist/tex/generic/pgf/basiclayer/pgfcorearrows.code.tex
File: pgfcorearrows.code.tex 2020/12/27 v3.1.8b (3.1.8b)
\pgfarrowsep=\dimen189
)
(c:/texlive/2021/texmf-dist/tex/generic/pgf/basiclayer/pgfcoreshade.code.tex
File: pgfcoreshade.code.tex 2020/12/27 v3.1.8b (3.1.8b)
\pgf@max=\dimen190
\pgf@sys@shading@range@num=\count287
\pgf@shadingcount=\count288
)
(c:/texlive/2021/texmf-dist/tex/generic/pgf/basiclayer/pgfcoreimage.code.tex
File: pgfcoreimage.code.tex 2020/12/27 v3.1.8b (3.1.8b)

(c:/texlive/2021/texmf-dist/tex/generic/pgf/basiclayer/pgfcoreexternal.code.tex
File: pgfcoreexternal.code.tex 2020/12/27 v3.1.8b (3.1.8b)
\pgfexternal@startupbox=\box55
))
(c:/texlive/2021/texmf-dist/tex/generic/pgf/basiclayer/pgfcorelayers.code.tex
File: pgfcorelayers.code.tex 2020/12/27 v3.1.8b (3.1.8b)
)
(c:/texlive/2021/texmf-dist/tex/generic/pgf/basiclayer/pgfcoretransparency.code
.tex
File: pgfcoretransparency.code.tex 2020/12/27 v3.1.8b (3.1.8b)
)
(c:/texlive/2021/texmf-dist/tex/generic/pgf/basiclayer/pgfcorepatterns.code.tex
File: pgfcorepatterns.code.tex 2020/12/27 v3.1.8b (3.1.8b)
) (c:/texlive/2021/texmf-dist/tex/generic/pgf/basiclayer/pgfcorerdf.code.tex
File: pgfcorerdf.code.tex 2020/12/27 v3.1.8b (3.1.8b)
))) (c:/texlive/2021/texmf-dist/tex/generic/pgf/modules/pgfmoduleshapes.code.te
x
File: pgfmoduleshapes.code.tex 2020/12/27 v3.1.8b (3.1.8b)
\pgfnodeparttextbox=\box56
)
(c:/texlive/2021/texmf-dist/tex/generic/pgf/modules/pgfmoduleplot.code.tex
File: pgfmoduleplot.code.tex 2020/12/27 v3.1.8b (3.1.8b)
)
(c:/texlive/2021/texmf-dist/tex/latex/pgf/compatibility/pgfcomp-version-0-65.st
y
Package: pgfcomp-version-0-65 2020/12/27 v3.1.8b (3.1.8b)
\pgf@nodesepstart=\dimen191
\pgf@nodesepend=\dimen192
)
(c:/texlive/2021/texmf-dist/tex/latex/pgf/compatibility/pgfcomp-version-1-18.st
y
Package: pgfcomp-version-1-18 2020/12/27 v3.1.8b (3.1.8b)
)) (c:/texlive/2021/texmf-dist/tex/latex/adjustbox/adjustbox.sty
Package: adjustbox 2020/08/19 v1.3 Adjusting TeX boxes (trim, clip, ...)

(c:/texlive/2021/texmf-dist/tex/latex/adjustbox/adjcalc.sty
Package: adjcalc 2012/05/16 v1.1 Provides advanced setlength with multiple back
-ends (calc, etex, pgfmath)
)
(c:/texlive/2021/texmf-dist/tex/latex/adjustbox/trimclip.sty
Package: trimclip 2020/08/19 v1.2 Trim and clip general TeX material

(c:/texlive/2021/texmf-dist/tex/latex/collectbox/collectbox.sty
Package: collectbox 2012/05/17 v0.4b Collect macro arguments as boxes
\collectedbox=\box57
)
\tc@llx=\dimen193
\tc@lly=\dimen194
\tc@urx=\dimen195
\tc@ury=\dimen196

(c:/texlive/2021/texmf-dist/tex/latex/adjustbox/tc-pgf.def
File: tc-pgf.def 2019/01/04 v2.2 trimclip fall-back clipping driver using PGF
)
Package trimclip Info: No clipping driver 'tc-luatex.def' available.
(trimclip)             Using fall-back PGF driver.
)
\adjbox@Width=\dimen197
\adjbox@Height=\dimen198
\adjbox@Depth=\dimen199
\adjbox@Totalheight=\dimen256
\adjbox@pwidth=\dimen257
\adjbox@pheight=\dimen258
\adjbox@pdepth=\dimen259
\adjbox@ptotalheight=\dimen260

(c:/texlive/2021/texmf-dist/tex/latex/ifoddpage/ifoddpage.sty
Package: ifoddpage 2016/04/23 v1.1 Conditionals for odd/even page detection
\c@checkoddpage=\count289
)
(c:/texlive/2021/texmf-dist/tex/latex/varwidth/varwidth.sty
Package: varwidth 2009/03/30 ver 0.92;  Variable-width minipages
\@vwid@box=\box58
\sift@deathcycles=\count290
\@vwid@loff=\dimen261
\@vwid@roff=\dimen262
))
(./core/opticals.inp) (./core/keyval.inp) (./core/genericAccess.inp
(c:/texlive/2021/texmf-dist/tex/generic/iftex/ifluatex.sty
Package: ifluatex 2019/10/25 v1.5 ifluatex legacy package. Use iftex instead.
)
(c:/texlive/2021/texmf-dist/tex/generic/iftex/ifxetex.sty
Package: ifxetex 2019/10/25 v0.7 ifxetex legacy package. Use iftex instead.
)
(c:/texlive/2021/texmf-dist/tex/lualatex/luacode/luacode.sty
Package: luacode 2012/01/23 v1.2a lua-in-tex helpers (mpg)
\luacode@lines=\toks34
\luacode@table@soft=\catcodetable15
))
(./core/dotted.inp) (./commands/clefs.inp) (./commands/numbers.inp)
(./commands/timesignatures.inp) (./commands/dynamics.inp)
(./commands/accidentals.inp) (./commands/rests.inp) (./commands/scripts.inp)
(./commands/accordion.inp) (./commands/singlenotes.inp)
(./commands/beamednotes.inp) (./commands/fancyexamples.inp)) (./emoji.sty
Package: emoji 2021/07/17 v0.2.2 Emoji support in (Lua)LaTeX

(./emoji-table.def
File: emoji-table.def 2021/07/17 v0.2.2 Emojisupportin(Lua)LaTeX
)) (c:/texlive/2021/texmf-dist/tex/generic/ulem/ulem.sty
\UL@box=\box59
\UL@hyphenbox=\box60
\UL@skip=\skip52
\UL@hook=\toks35
\UL@height=\dimen263
\UL@pe=\count291
\UL@pixel=\dimen264
\ULC@box=\box61
Package: ulem 2019/11/18
\ULdepth=\dimen265
)
LaTeX Font Info:    Redeclaring symbol font `CJKmath' on input line 36.
LaTeX Font Info:    Overwriting symbol font `CJKmath' in version `normal'
(Font)                  LTJY3/song/m/n --> LTJY3/SimSun(0)/m/n on input line 36
.
LaTeX Font Info:    Overwriting symbol font `CJKmath' in version `bold'
(Font)                  LTJY3/song/b/n --> LTJY3/SimSun(0)/m/n on input line 36
.
LaTeX Font Info:    Overwriting symbol font `CJKmath' in version `bold'
(Font)                  LTJY3/SimSun(0)/m/n --> LTJY3/SimSun(0)/b/n on input li
ne 36.

(./自然数与集合论.aux)
\openout1 = 自然数与集合论.aux

LaTeX Font Info:    Checking defaults for OML/cmm/m/it on input line 36.
LaTeX Font Info:    ... okay on input line 36.
LaTeX Font Info:    Checking defaults for OMS/cmsy/m/n on input line 36.
LaTeX Font Info:    ... okay on input line 36.
LaTeX Font Info:    Checking defaults for OT1/cmr/m/n on input line 36.
LaTeX Font Info:    ... okay on input line 36.
LaTeX Font Info:    Checking defaults for T1/cmr/m/n on input line 36.
LaTeX Font Info:    ... okay on input line 36.
LaTeX Font Info:    Checking defaults for TS1/cmr/m/n on input line 36.
LaTeX Font Info:    ... okay on input line 36.
LaTeX Font Info:    Checking defaults for TU/lmr/m/n on input line 36.
LaTeX Font Info:    ... okay on input line 36.
LaTeX Font Info:    Checking defaults for OMX/cmex/m/n on input line 36.
LaTeX Font Info:    ... okay on input line 36.
LaTeX Font Info:    Checking defaults for U/cmr/m/n on input line 36.
LaTeX Font Info:    ... okay on input line 36.
LaTeX Font Info:    Checking defaults for LTJY3/song/m/n on input line 36.
LaTeX Font Info:    ... okay on input line 36.
 ABD: EverySelectfont initializing macros
LaTeX Info: Redefining \selectfont on input line 36.

Package fontspec Info: Adjusting the maths setup (use [no-math] to avoid
(fontspec)             this).

\symlegacymaths=\mathgroup5
LaTeX Font Info:    Overwriting symbol font `legacymaths' in version `bold'
(Font)                  OT1/cmr/m/n --> OT1/cmr/bx/n on input line 36.
LaTeX Font Info:    Redeclaring math accent \acute on input line 36.
LaTeX Font Info:    Redeclaring math accent \grave on input line 36.
LaTeX Font Info:    Redeclaring math accent \ddot on input line 36.
LaTeX Font Info:    Redeclaring math accent \tilde on input line 36.
LaTeX Font Info:    Redeclaring math accent \bar on input line 36.
LaTeX Font Info:    Redeclaring math accent \breve on input line 36.
LaTeX Font Info:    Redeclaring math accent \check on input line 36.
LaTeX Font Info:    Redeclaring math accent \hat on input line 36.
LaTeX Font Info:    Redeclaring math accent \dot on input line 36.
LaTeX Font Info:    Redeclaring math accent \mathring on input line 36.
LaTeX Font Info:    Redeclaring math symbol \colon on input line 36.
LaTeX Font Info:    Redeclaring math symbol \Gamma on input line 36.
LaTeX Font Info:    Redeclaring math symbol \Delta on input line 36.
LaTeX Font Info:    Redeclaring math symbol \Theta on input line 36.
LaTeX Font Info:    Redeclaring math symbol \Lambda on input line 36.
LaTeX Font Info:    Redeclaring math symbol \Xi on input line 36.
LaTeX Font Info:    Redeclaring math symbol \Pi on input line 36.
LaTeX Font Info:    Redeclaring math symbol \Sigma on input line 36.
LaTeX Font Info:    Redeclaring math symbol \Upsilon on input line 36.
LaTeX Font Info:    Redeclaring math symbol \Phi on input line 36.
LaTeX Font Info:    Redeclaring math symbol \Psi on input line 36.
LaTeX Font Info:    Redeclaring math symbol \Omega on input line 36.
LaTeX Font Info:    Redeclaring math symbol \mathdollar on input line 36.
LaTeX Font Info:    Redeclaring symbol font `operators' on input line 36.
LaTeX Font Info:    Encoding `OT1' has changed to `TU' for symbol font
(Font)              `operators' in the math version `normal' on input line 36.
LaTeX Font Info:    Overwriting symbol font `operators' in version `normal'
(Font)                  OT1/cmr/m/n --> TU/lmr/m/n on input line 36.
LaTeX Font Info:    Encoding `OT1' has changed to `TU' for symbol font
(Font)              `operators' in the math version `bold' on input line 36.
LaTeX Font Info:    Overwriting symbol font `operators' in version `bold'
(Font)                  OT1/cmr/bx/n --> TU/lmr/m/n on input line 36.
LaTeX Font Info:    Overwriting symbol font `operators' in version `normal'
(Font)                  TU/lmr/m/n --> TU/lmr/m/n on input line 36.
LaTeX Font Info:    Overwriting math alphabet `\mathit' in version `normal'
(Font)                  OT1/cmr/m/it --> TU/lmr/m/it on input line 36.
LaTeX Font Info:    Overwriting math alphabet `\mathbf' in version `normal'
(Font)                  OT1/cmr/bx/n --> TU/lmr/b/n on input line 36.
LaTeX Font Info:    Overwriting math alphabet `\mathsf' in version `normal'
(Font)                  OT1/cmss/m/n --> TU/lmss/m/n on input line 36.
LaTeX Font Info:    Overwriting math alphabet `\mathtt' in version `normal'
(Font)                  OT1/cmtt/m/n --> TU/lmtt/m/n on input line 36.
LaTeX Font Info:    Overwriting symbol font `operators' in version `bold'
(Font)                  TU/lmr/m/n --> TU/lmr/b/n on input line 36.
LaTeX Font Info:    Overwriting math alphabet `\mathit' in version `bold'
(Font)                  OT1/cmr/bx/it --> TU/lmr/b/it on input line 36.
LaTeX Font Info:    Overwriting math alphabet `\mathsf' in version `bold'
(Font)                  OT1/cmss/bx/n --> TU/lmss/b/n on input line 36.
LaTeX Font Info:    Overwriting math alphabet `\mathtt' in version `bold'
(Font)                  OT1/cmtt/m/n --> TU/lmtt/b/n on input line 36.

(c:/texlive/2021/texmf-dist/tex/context/base/mkii/supp-pdf.mkii
[Loading MPS to PDF converter (version 2006.09.02).]
\scratchcounter=\count292
\scratchdimen=\dimen266
\scratchbox=\box62
\nofMPsegments=\count293
\nofMParguments=\count294
\everyMPshowfont=\toks36
\MPscratchCnt=\count295
\MPscratchDim=\dimen267
\MPnumerator=\count296
\makeMPintoPDFobject=\count297
\everyMPtoPDFconversion=\toks37
) (c:/texlive/2021/texmf-dist/tex/latex/epstopdf-pkg/epstopdf-base.sty
Package: epstopdf-base 2020-01-24 v2.11 Base part for package epstopdf
Package epstopdf-base Info: Redefining graphics rule for `.eps' on input line 4
85.

(c:/texlive/2021/texmf-dist/tex/latex/latexconfig/epstopdf-sys.cfg
File: epstopdf-sys.cfg 2010/07/13 v1.3 Configuration of (r)epstopdf for TeX Liv
e
))(load cache: extra_segoeuiemoji.luc)

Package fontspec Info: Font family 'SegoeUIEmoji(0)' created for font 'Segoe
(fontspec)             UI Emoji' with options
(fontspec)             [BoldFont={},ItalicFont={},SmallCapsFont={},Renderer=Har
fBuzz].
(fontspec)              
(fontspec)              This font family consists of the following NFSS
(fontspec)             series/shapes:
(fontspec)              
(fontspec)             - 'normal' (m/n) with NFSS spec.:
(fontspec)             <->"SegoeUIEmoji:mode=harf;script=latn;language=dflt;"
(fontspec)             - 'small caps'  (m/sc) with NFSS spec.: 

(load cache: extra_lmroman17-regular.luc)(load cache: extra_lmroman12-regular.lu
c)(load cache: extra_lmroman6-regular.luc)
LaTeX Font Info:    External font `cmex10' loaded for size
(Font)              <12.045> on input line 38.
LaTeX Font Info:    External font `cmex10' loaded for size
(Font)              <8> on input line 38.
LaTeX Font Info:    External font `cmex10' loaded for size
(Font)              <6> on input line 38.
(load cache: extra_lmroman12-bold.luc)
LaTeX Font Info:    Font shape `LTJY3/SimSun(0)/bx/n' in size <15.05624> not av
ailable
(Font)              Font shape `LTJY3/SimSun(0)/b/n' tried instead on input lin
e 42.
(load cache: extra_lmroman7-regular.luc)(load cache: extra_lmroman5-regular.luc)
LaTeX Font Info:    External font `cmex10' loaded for size
(Font)              <10.53937> on input line 45.
LaTeX Font Info:    External font `cmex10' loaded for size
(Font)              <7> on input line 45.
LaTeX Font Info:    External font `cmex10' loaded for size
(Font)              <5> on input line 45.
 [1

{c:/texlive/2021/texmf-var/fonts/map/pdftex/updmap/pdftex.map}]
LaTeX Font Info:    Font shape `LTJY3/SimSun(0)/bx/n' in size <10.53937> not av
ailable
(Font)              Font shape `LTJY3/SimSun(0)/b/n' tried instead on input lin
e 69.


LaTeX Warning: Citation `Wang1997' on page 2 undefined on input line 69.


Overfull \hbox (124.00186pt too wide) in paragraph at lines 69--70
[]|\LTJY3/SimSun(0)/m/n/10.53937 人 |们 |很 |早 |就 |意 |识 |到 [] |
这 |是 |自 |然 |数 |的 |一 |个 |重 |要 |的 |性 |质 [] |即|   [] [
]
 []

(load cache: extra_lmromanslant10-regular.luc)
LaTeX Font Info:    Font shape `LTJY3/SimSun(0)/m/sl' in size <10.53937> not av
ailable
(Font)              Font shape `LTJY3/SimSun(0)/m/it' tried instead on input li
ne 79.
luaotfload | aux : font no 79 (nil) does not define feature vert for script dflt
 with language dflt
luaotfload | aux : font no 79 (nil) does not define feature vrt2 for script dflt
 with language dflt [2] [3]
<v2-ae1e890cc9cf2b05470efb17d4bf2be1_r.png, id=29, 553.06625pt x 403.5075pt>
File: v2-ae1e890cc9cf2b05470efb17d4bf2be1_r.png Graphic file (type png)
<use v2-ae1e890cc9cf2b05470efb17d4bf2be1_r.png>
Package luatex.def Info: v2-ae1e890cc9cf2b05470efb17d4bf2be1_r.png  used on inp
ut line 130.
(luatex.def)             Requested size: 256.0748pt x 186.82248pt.
<v2-851856fe36b69435cc21d682d9618caa_r.png, id=30, 612.2875pt x 403.5075pt>
File: v2-851856fe36b69435cc21d682d9618caa_r.png Graphic file (type png)
<use v2-851856fe36b69435cc21d682d9618caa_r.png>
Package luatex.def Info: v2-851856fe36b69435cc21d682d9618caa_r.png  used on inp
ut line 138.
(luatex.def)             Requested size: 256.0748pt x 168.75778pt.
 [4<./v2-ae1e890cc9cf2b05470efb17d4bf2be1_r.png>]
<v2-40b299ff65237241aba8a1f36090071b_r.png, id=36, 851.18pt x 403.5075pt>
File: v2-40b299ff65237241aba8a1f36090071b_r.png Graphic file (type png)
<use v2-40b299ff65237241aba8a1f36090071b_r.png>
Package luatex.def Info: v2-40b299ff65237241aba8a1f36090071b_r.png  used on inp
ut line 146.
(luatex.def)             Requested size: 256.0748pt x 121.39182pt.
 [5<./v2-851856fe36b69435cc21d682d9618caa_r.png><./v2-40b299ff65237241aba8a1f360
90071b_r.png>]
<v2-11e72f5f212305092ba7df0e4d4c3978_r.png, id=42, 653.44125pt x 403.5075pt>
File: v2-11e72f5f212305092ba7df0e4d4c3978_r.png Graphic file (type png)
<use v2-11e72f5f212305092ba7df0e4d4c3978_r.png>
Package luatex.def Info: v2-11e72f5f212305092ba7df0e4d4c3978_r.png  used on inp
ut line 155.
(luatex.def)             Requested size: 256.0748pt x 158.1246pt.
<v2-2303b0a398c73e2ebf436a203c704c27_r.png, id=43, 807.015pt x 403.5075pt>
File: v2-2303b0a398c73e2ebf436a203c704c27_r.png Graphic file (type png)
<use v2-2303b0a398c73e2ebf436a203c704c27_r.png>
Package luatex.def Info: v2-2303b0a398c73e2ebf436a203c704c27_r.png  used on inp
ut line 157.
(luatex.def)             Requested size: 256.0748pt x 128.03523pt.
<v2-5727e7581034b61225598132b168b6d7_r.png, id=44, 635.37375pt x 403.5075pt>
File: v2-5727e7581034b61225598132b168b6d7_r.png Graphic file (type png)
<use v2-5727e7581034b61225598132b168b6d7_r.png>
Package luatex.def Info: v2-5727e7581034b61225598132b168b6d7_r.png  used on inp
ut line 159.
(luatex.def)             Requested size: 256.0748pt x 162.63155pt.

[6<./v2-11e72f5f212305092ba7df0e4d4c3978_r.png><./v2-2303b0a398c73e2ebf436a203c7
04c27_r.png><./v2-5727e7581034b61225598132b168b6d7_r.png>]
<lily-crotchet.pdf, id=51, 6.0225pt x 12.045pt>
File: lily-crotchet.pdf Graphic file (type pdf)
<use lily-crotchet.pdf>
Package luatex.def Info: lily-crotchet.pdf  used on input line 177.
(luatex.def)             Requested size: 4.51685pt x 9.0337pt.
<lily-crotchetDown.pdf, id=52, 6.0225pt x 12.045pt>
File: lily-crotchetDown.pdf Graphic file (type pdf)
<use lily-crotchetDown.pdf>
Package luatex.def Info: lily-crotchetDown.pdf  used on input line 177.
(luatex.def)             Requested size: 4.51685pt x 9.0337pt.
(load cache: extra_emmentaler-16.luc)
luaotfload | aux : font no 81 (nil) defines no feature for script latn
luaotfload | aux : font no 81 (nil) defines no feature for script dflt

Package fontspec Info: Font family 'emmentaler-16.otf(0)' created for font
(fontspec)             'emmentaler-16.otf' with options [Scale=1.3].
(fontspec)              
(fontspec)              This font family consists of the following NFSS
(fontspec)             series/shapes:
(fontspec)              
(fontspec)             - 'normal' (m/n) with NFSS spec.:
(fontspec)             <->s*[1.3]"[emmentaler-16.otf]:mode=node;language=dflt;"

(fontspec)             - 'small caps'  (m/sc) with NFSS spec.: 

LaTeX Font Info:    Font shape `TU/emmentaler-16.otf(0)/m/n' will be
(Font)              scaled to size 13.7012pt on input line 180.
luaotfload | aux : font no 81 (nil) defines no feature for script latn
luaotfload | aux : font no 81 (nil) defines no feature for script dflt

Package fontspec Info: Font family 'emmentaler-16.otf(1)' created for font
(fontspec)             'emmentaler-16.otf' with options [Scale=1.0].
(fontspec)              
(fontspec)              This font family consists of the following NFSS
(fontspec)             series/shapes:
(fontspec)              
(fontspec)             - 'normal' (m/n) with NFSS spec.:
(fontspec)             <->s*[1.0]"[emmentaler-16.otf]:mode=node;language=dflt;"

(fontspec)             - 'small caps'  (m/sc) with NFSS spec.: 

LaTeX Font Info:    Font shape `TU/emmentaler-16.otf(1)/m/n' will be
(Font)              scaled to size 10.53937pt on input line 181.
<lily-quaver.pdf, id=53, 9.03375pt x 14.0525pt>
File: lily-quaver.pdf Graphic file (type pdf)
<use lily-quaver.pdf>
Package luatex.def Info: lily-quaver.pdf  used on input line 182.
(luatex.def)             Requested size: 6.77527pt x 10.53934pt.
luaotfload | aux : font no 81 (nil) defines no feature for script latn
luaotfload | aux : font no 81 (nil) defines no feature for script dflt

Package fontspec Info: Font family 'emmentaler-16.otf(2)' created for font
(fontspec)             'emmentaler-16.otf' with options [Scale=1.5].
(fontspec)              
(fontspec)              This font family consists of the following NFSS
(fontspec)             series/shapes:
(fontspec)              
(fontspec)             - 'normal' (m/n) with NFSS spec.:
(fontspec)             <->s*[1.5]"[emmentaler-16.otf]:mode=node;language=dflt;"

(fontspec)             - 'small caps'  (m/sc) with NFSS spec.: 

LaTeX Font Info:    Font shape `TU/emmentaler-16.otf(2)/m/n' will be
(Font)              scaled to size 15.80905pt on input line 183.
luaotfload | aux : font no 81 (nil) defines no feature for script latn
luaotfload | aux : font no 81 (nil) defines no feature for script dflt
File: lily-crotchetDown.pdf Graphic file (type pdf)
<use lily-crotchetDown.pdf>
Package luatex.def Info: lily-crotchetDown.pdf  used on input line 193.
(luatex.def)             Requested size: 4.51685pt x 9.0337pt.
<lily-halfNoteDown.pdf, id=54, 6.0225pt x 13.04875pt>
File: lily-halfNoteDown.pdf Graphic file (type pdf)
<use lily-halfNoteDown.pdf>
Package luatex.def Info: lily-halfNoteDown.pdf  used on input line 193.
(luatex.def)             Requested size: 4.51685pt x 9.78653pt.


LaTeX Font Warning: Command \normalsize invalid in math mode on input line 193.


File: lily-crotchetDown.pdf Graphic file (type pdf)
<use lily-crotchetDown.pdf>
Package luatex.def Info: lily-crotchetDown.pdf  used on input line 193.
(luatex.def)             Requested size: 4.51685pt x 9.0337pt.
luaotfload | aux : font no 81 (nil) defines no feature for script latn
luaotfload | aux : font no 81 (nil) defines no feature for script dflt

LaTeX Font Warning: Command \normalsize invalid in math mode on input line 193.


File: lily-halfNoteDown.pdf Graphic file (type pdf)
<use lily-halfNoteDown.pdf>
Package luatex.def Info: lily-halfNoteDown.pdf  used on input line 193.
(luatex.def)             Requested size: 4.51685pt x 9.78653pt.
File: lily-crotchetDown.pdf Graphic file (type pdf)
<use lily-crotchetDown.pdf>
Package luatex.def Info: lily-crotchetDown.pdf  used on input line 194.
(luatex.def)             Requested size: 4.51685pt x 9.0337pt.
File: lily-halfNoteDown.pdf Graphic file (type pdf)
<use lily-halfNoteDown.pdf>
Package luatex.def Info: lily-halfNoteDown.pdf  used on input line 194.
(luatex.def)             Requested size: 4.51685pt x 9.78653pt.
luaotfload | aux : font no 81 (nil) defines no feature for script latn
luaotfload | aux : font no 81 (nil) defines no feature for script dflt

Package fontspec Info: Font family 'emmentaler-16.otf(3)' created for font
(fontspec)             'emmentaler-16.otf' with options [Scale=1.2].
(fontspec)              
(fontspec)              This font family consists of the following NFSS
(fontspec)             series/shapes:
(fontspec)              
(fontspec)             - 'normal' (m/n) with NFSS spec.:
(fontspec)             <->s*[1.2]"[emmentaler-16.otf]:mode=node;language=dflt;"

(fontspec)             - 'small caps'  (m/sc) with NFSS spec.: 

LaTeX Font Info:    Font shape `TU/emmentaler-16.otf(3)/m/n' will be
(Font)              scaled to size 12.6472pt on input line 194.
<lily-crotchetDottedDown.pdf, id=55, 9.03375pt x 12.045pt>
File: lily-crotchetDottedDown.pdf Graphic file (type pdf)
<use lily-crotchetDottedDown.pdf>
Package luatex.def Info: lily-crotchetDottedDown.pdf  used on input line 194.
(luatex.def)             Requested size: 6.77527pt x 9.0337pt.
File: lily-crotchetDown.pdf Graphic file (type pdf)
<use lily-crotchetDown.pdf>
Package luatex.def Info: lily-crotchetDown.pdf  used on input line 194.
(luatex.def)             Requested size: 4.51685pt x 9.0337pt.
luaotfload | aux : font no 81 (nil) defines no feature for script latn
luaotfload | aux : font no 81 (nil) defines no feature for script dflt
File: lily-halfNoteDown.pdf Graphic file (type pdf)
<use lily-halfNoteDown.pdf>
Package luatex.def Info: lily-halfNoteDown.pdf  used on input line 194.
(luatex.def)             Requested size: 4.51685pt x 9.78653pt.
File: lily-quaver.pdf Graphic file (type pdf)
<use lily-quaver.pdf>
Package luatex.def Info: lily-quaver.pdf  used on input line 194.
(luatex.def)             Requested size: 6.77527pt x 10.53934pt.
luaotfload | aux : font no 81 (nil) defines no feature for script latn
luaotfload | aux : font no 81 (nil) defines no feature for script dflt
File: lily-crotchetDown.pdf Graphic file (type pdf)
<use lily-crotchetDown.pdf>
Package luatex.def Info: lily-crotchetDown.pdf  used on input line 194.
(luatex.def)             Requested size: 4.51685pt x 9.0337pt.
<lily-twoBeamedQuavers.pdf, id=56, 15.05624pt x 17.06375pt>
File: lily-twoBeamedQuavers.pdf Graphic file (type pdf)
<use lily-twoBeamedQuavers.pdf>
Package luatex.def Info: lily-twoBeamedQuavers.pdf  used on input line 200.
(luatex.def)             Requested size: 10.53929pt x 11.94452pt.
<lily-quaverDottedDouble.pdf, id=57, 15.05624pt x 14.0525pt>
File: lily-quaverDottedDouble.pdf Graphic file (type pdf)
<use lily-quaverDottedDouble.pdf>
Package luatex.def Info: lily-quaverDottedDouble.pdf  used on input line 200.
(luatex.def)             Requested size: 11.29214pt x 10.53934pt.
luaotfload | aux : font no 81 (nil) defines no feature for script latn
luaotfload | aux : font no 81 (nil) defines no feature for script dflt
luaotfload | aux : font no 81 (nil) defines no feature for script latn
luaotfload | aux : font no 81 (nil) defines no feature for script dflt
luaotfload | aux : font no 81 (nil) defines no feature for script latn
luaotfload | aux : font no 81 (nil) defines no feature for script dflt
File: lily-crotchetDown.pdf Graphic file (type pdf)
<use lily-crotchetDown.pdf>
Package luatex.def Info: lily-crotchetDown.pdf  used on input line 200.
(luatex.def)             Requested size: 4.51685pt x 9.0337pt.
File: lily-halfNoteDown.pdf Graphic file (type pdf)
<use lily-halfNoteDown.pdf>
Package luatex.def Info: lily-halfNoteDown.pdf  used on input line 200.
(luatex.def)             Requested size: 4.51685pt x 9.78653pt.
File: lily-crotchetDown.pdf Graphic file (type pdf)
<use lily-crotchetDown.pdf>
Package luatex.def Info: lily-crotchetDown.pdf  used on input line 200.
(luatex.def)             Requested size: 4.51685pt x 9.0337pt.
<lily-decrescHairpin.pdf, id=58, 16.06pt x 6.0225pt>
File: lily-decrescHairpin.pdf Graphic file (type pdf)
<use lily-decrescHairpin.pdf>
Package luatex.def Info: lily-decrescHairpin.pdf  used on input line 200.
(luatex.def)             Requested size: 14.45386pt x 5.42018pt.
File: lily-halfNoteDown.pdf Graphic file (type pdf)
<use lily-halfNoteDown.pdf>
Package luatex.def Info: lily-halfNoteDown.pdf  used on input line 200.
(luatex.def)             Requested size: 4.51685pt x 9.78653pt.

LaTeX Font Warning: Command \normalsize invalid in math mode on input line 200.


File: lily-crotchetDottedDown.pdf Graphic file (type pdf)
<use lily-crotchetDottedDown.pdf>
Package luatex.def Info: lily-crotchetDottedDown.pdf  used on input line 200.
(luatex.def)             Requested size: 6.77527pt x 9.0337pt.
luaotfload | aux : font no 81 (nil) defines no feature for script latn
luaotfload | aux : font no 81 (nil) defines no feature for script dflt

LaTeX Font Warning: Command \normalsize invalid in math mode on input line 200.


File: lily-halfNoteDown.pdf Graphic file (type pdf)
<use lily-halfNoteDown.pdf>
Package luatex.def Info: lily-halfNoteDown.pdf  used on input line 200.
(luatex.def)             Requested size: 4.51685pt x 9.78653pt.
File: lily-crotchetDown.pdf Graphic file (type pdf)
<use lily-crotchetDown.pdf>
Package luatex.def Info: lily-crotchetDown.pdf  used on input line 200.
(luatex.def)             Requested size: 4.51685pt x 9.0337pt.
luaotfload | aux : font no 81 (nil) defines no feature for script latn
luaotfload | aux : font no 81 (nil) defines no feature for script dflt

Package fontspec Info: Font family 'emmentaler-16.otf(4)' created for font
(fontspec)             'emmentaler-16.otf' with options [Scale=1.4].
(fontspec)              
(fontspec)              This font family consists of the following NFSS
(fontspec)             series/shapes:
(fontspec)              
(fontspec)             - 'normal' (m/n) with NFSS spec.:
(fontspec)             <->s*[1.4]"[emmentaler-16.otf]:mode=node;language=dflt;"

(fontspec)             - 'small caps'  (m/sc) with NFSS spec.: 

LaTeX Font Info:    Font shape `TU/emmentaler-16.otf(4)/m/n' will be
(Font)              scaled to size 14.75504pt on input line 200.
File: lily-halfNoteDown.pdf Graphic file (type pdf)
<use lily-halfNoteDown.pdf>
Package luatex.def Info: lily-halfNoteDown.pdf  used on input line 200.
(luatex.def)             Requested size: 4.51685pt x 9.78653pt.
File: lily-crotchetDown.pdf Graphic file (type pdf)
<use lily-crotchetDown.pdf>
Package luatex.def Info: lily-crotchetDown.pdf  used on input line 200.
(luatex.def)             Requested size: 4.51685pt x 9.0337pt.
File: lily-decrescHairpin.pdf Graphic file (type pdf)
<use lily-decrescHairpin.pdf>
Package luatex.def Info: lily-decrescHairpin.pdf  used on input line 200.
(luatex.def)             Requested size: 14.45386pt x 5.42018pt.
File: lily-halfNoteDown.pdf Graphic file (type pdf)
<use lily-halfNoteDown.pdf>
Package luatex.def Info: lily-halfNoteDown.pdf  used on input line 200.
(luatex.def)             Requested size: 4.51685pt x 9.78653pt.
luaotfload | aux : font no 81 (nil) defines no feature for script latn
luaotfload | aux : font no 81 (nil) defines no feature for script dflt
File: lily-halfNoteDown.pdf Graphic file (type pdf)
<use lily-halfNoteDown.pdf>
Package luatex.def Info: lily-halfNoteDown.pdf  used on input line 200.
(luatex.def)             Requested size: 4.51685pt x 9.78653pt.
File: lily-decrescHairpin.pdf Graphic file (type pdf)
<use lily-decrescHairpin.pdf>
Package luatex.def Info: lily-decrescHairpin.pdf  used on input line 200.
(luatex.def)             Requested size: 14.45386pt x 5.42018pt.
File: lily-crotchetDown.pdf Graphic file (type pdf)
<use lily-crotchetDown.pdf>
Package luatex.def Info: lily-crotchetDown.pdf  used on input line 200.
(luatex.def)             Requested size: 4.51685pt x 9.0337pt.
File: lily-crotchetDown.pdf Graphic file (type pdf)
<use lily-crotchetDown.pdf>
Package luatex.def Info: lily-crotchetDown.pdf  used on input line 202.
(luatex.def)             Requested size: 4.51685pt x 9.0337pt.
File: lily-halfNoteDown.pdf Graphic file (type pdf)
<use lily-halfNoteDown.pdf>
Package luatex.def Info: lily-halfNoteDown.pdf  used on input line 202.
(luatex.def)             Requested size: 4.51685pt x 9.78653pt.
luaotfload | aux : font no 81 (nil) defines no feature for script latn
luaotfload | aux : font no 81 (nil) defines no feature for script dflt
luaotfload | aux : font no 81 (nil) defines no feature for script latn
luaotfload | aux : font no 81 (nil) defines no feature for script dflt
luaotfload | aux : font no 81 (nil) defines no feature for script latn
luaotfload | aux : font no 81 (nil) defines no feature for script dflt

Package fontspec Info: Font family 'emmentaler-16.otf(5)' created for font
(fontspec)             'emmentaler-16.otf' with options [Scale=1.1].
(fontspec)              
(fontspec)              This font family consists of the following NFSS
(fontspec)             series/shapes:
(fontspec)              
(fontspec)             - 'normal' (m/n) with NFSS spec.:
(fontspec)             <->s*[1.1]"[emmentaler-16.otf]:mode=node;language=dflt;"

(fontspec)             - 'small caps'  (m/sc) with NFSS spec.: 

LaTeX Font Info:    Font shape `TU/emmentaler-16.otf(5)/m/n' will be
(Font)              scaled to size 11.59337pt on input line 202.
File: lily-crotchetDown.pdf Graphic file (type pdf)
<use lily-crotchetDown.pdf>
Package luatex.def Info: lily-crotchetDown.pdf  used on input line 206.
(luatex.def)             Requested size: 4.51685pt x 9.0337pt.
File: lily-decrescHairpin.pdf Graphic file (type pdf)
<use lily-decrescHairpin.pdf>
Package luatex.def Info: lily-decrescHairpin.pdf  used on input line 206.
(luatex.def)             Requested size: 14.45386pt x 5.42018pt.
luaotfload | aux : font no 81 (nil) defines no feature for script latn
luaotfload | aux : font no 81 (nil) defines no feature for script dflt
File: lily-halfNoteDown.pdf Graphic file (type pdf)
<use lily-halfNoteDown.pdf>
Package luatex.def Info: lily-halfNoteDown.pdf  used on input line 206.
(luatex.def)             Requested size: 4.51685pt x 9.78653pt.
File: lily-decrescHairpin.pdf Graphic file (type pdf)
<use lily-decrescHairpin.pdf>
Package luatex.def Info: lily-decrescHairpin.pdf  used on input line 206.
(luatex.def)             Requested size: 14.45386pt x 5.42018pt.
File: lily-crotchetDown.pdf Graphic file (type pdf)
<use lily-crotchetDown.pdf>
Package luatex.def Info: lily-crotchetDown.pdf  used on input line 206.
(luatex.def)             Requested size: 4.51685pt x 9.0337pt.
luaotfload | aux : font no 81 (nil) defines no feature for script latn
luaotfload | aux : font no 81 (nil) defines no feature for script dflt
luaotfload | aux : font no 81 (nil) defines no feature for script latn
luaotfload | aux : font no 81 (nil) defines no feature for script dflt
File: lily-crotchetDown.pdf Graphic file (type pdf)
<use lily-crotchetDown.pdf>
Package luatex.def Info: lily-crotchetDown.pdf  used on input line 207.
(luatex.def)             Requested size: 4.51685pt x 9.0337pt.
File: lily-decrescHairpin.pdf Graphic file (type pdf)
<use lily-decrescHairpin.pdf>
Package luatex.def Info: lily-decrescHairpin.pdf  used on input line 207.
(luatex.def)             Requested size: 14.45386pt x 5.42018pt.
luaotfload | aux : font no 81 (nil) defines no feature for script latn
luaotfload | aux : font no 81 (nil) defines no feature for script dflt
File: lily-halfNoteDown.pdf Graphic file (type pdf)
<use lily-halfNoteDown.pdf>
Package luatex.def Info: lily-halfNoteDown.pdf  used on input line 207.
(luatex.def)             Requested size: 4.51685pt x 9.78653pt.
File: lily-decrescHairpin.pdf Graphic file (type pdf)
<use lily-decrescHairpin.pdf>
Package luatex.def Info: lily-decrescHairpin.pdf  used on input line 207.
(luatex.def)             Requested size: 14.45386pt x 5.42018pt.
luaotfload | aux : font no 81 (nil) defines no feature for script latn
luaotfload | aux : font no 81 (nil) defines no feature for script dflt
luaotfload | aux : font no 81 (nil) defines no feature for script latn
luaotfload | aux : font no 81 (nil) defines no feature for script dflt
luaotfload | aux : font no 81 (nil) defines no feature for script latn
luaotfload | aux : font no 81 (nil) defines no feature for script dflt
File: lily-decrescHairpin.pdf Graphic file (type pdf)
<use lily-decrescHairpin.pdf>
Package luatex.def Info: lily-decrescHairpin.pdf  used on input line 207.
(luatex.def)             Requested size: 14.45386pt x 5.42018pt.
luaotfload | aux : font no 81 (nil) defines no feature for script latn
luaotfload | aux : font no 81 (nil) defines no feature for script dflt
luaotfload | aux : font no 81 (nil) defines no feature for script latn
luaotfload | aux : font no 81 (nil) defines no feature for script dflt
File: lily-crotchetDown.pdf Graphic file (type pdf)
<use lily-crotchetDown.pdf>
Package luatex.def Info: lily-crotchetDown.pdf  used on input line 207.
(luatex.def)             Requested size: 4.51685pt x 9.0337pt.
File: lily-decrescHairpin.pdf Graphic file (type pdf)
<use lily-decrescHairpin.pdf>
Package luatex.def Info: lily-decrescHairpin.pdf  used on input line 207.
(luatex.def)             Requested size: 14.45386pt x 5.42018pt.
File: lily-halfNoteDown.pdf Graphic file (type pdf)
<use lily-halfNoteDown.pdf>
Package luatex.def Info: lily-halfNoteDown.pdf  used on input line 207.
(luatex.def)             Requested size: 4.51685pt x 9.78653pt.
luaotfload | aux : font no 81 (nil) defines no feature for script latn
luaotfload | aux : font no 81 (nil) defines no feature for script dflt
File: lily-decrescHairpin.pdf Graphic file (type pdf)
<use lily-decrescHairpin.pdf>
Package luatex.def Info: lily-decrescHairpin.pdf  used on input line 207.
(luatex.def)             Requested size: 14.45386pt x 5.42018pt.
luaotfload | aux : font no 81 (nil) defines no feature for script latn
luaotfload | aux : font no 81 (nil) defines no feature for script dflt
File: lily-crotchetDown.pdf Graphic file (type pdf)
<use lily-crotchetDown.pdf>
Package luatex.def Info: lily-crotchetDown.pdf  used on input line 207.
(luatex.def)             Requested size: 4.51685pt x 9.0337pt.
File: lily-decrescHairpin.pdf Graphic file (type pdf)
<use lily-decrescHairpin.pdf>
Package luatex.def Info: lily-decrescHairpin.pdf  used on input line 207.
(luatex.def)             Requested size: 14.45386pt x 5.42018pt.
luaotfload | aux : font no 81 (nil) defines no feature for script latn
luaotfload | aux : font no 81 (nil) defines no feature for script dflt
luaotfload | aux : font no 81 (nil) defines no feature for script latn
luaotfload | aux : font no 81 (nil) defines no feature for script dflt
luaotfload | aux : font no 81 (nil) defines no feature for script latn
luaotfload | aux : font no 81 (nil) defines no feature for script dflt
luaotfload | aux : font no 81 (nil) defines no feature for script latn
luaotfload | aux : font no 81 (nil) defines no feature for script dflt
File: lily-crotchetDottedDown.pdf Graphic file (type pdf)
<use lily-crotchetDottedDown.pdf>
Package luatex.def Info: lily-crotchetDottedDown.pdf  used on input line 208.
(luatex.def)             Requested size: 6.77527pt x 9.0337pt.
File: lily-decrescHairpin.pdf Graphic file (type pdf)
<use lily-decrescHairpin.pdf>
Package luatex.def Info: lily-decrescHairpin.pdf  used on input line 208.
(luatex.def)             Requested size: 14.45386pt x 5.42018pt.
<lily-halfNoteDottedDown.pdf, id=59, 9.03375pt x 13.04875pt>
File: lily-halfNoteDottedDown.pdf Graphic file (type pdf)
<use lily-halfNoteDottedDown.pdf>
Package luatex.def Info: lily-halfNoteDottedDown.pdf  used on input line 208.
(luatex.def)             Requested size: 6.77527pt x 9.78653pt.
luaotfload | aux : font no 81 (nil) defines no feature for script latn
luaotfload | aux : font no 81 (nil) defines no feature for script dflt
File: lily-decrescHairpin.pdf Graphic file (type pdf)
<use lily-decrescHairpin.pdf>
Package luatex.def Info: lily-decrescHairpin.pdf  used on input line 208.
(luatex.def)             Requested size: 14.45386pt x 5.42018pt.
luaotfload | aux : font no 81 (nil) defines no feature for script latn
luaotfload | aux : font no 81 (nil) defines no feature for script dflt
File: lily-halfNoteDown.pdf Graphic file (type pdf)
<use lily-halfNoteDown.pdf>
Package luatex.def Info: lily-halfNoteDown.pdf  used on input line 208.
(luatex.def)             Requested size: 4.51685pt x 9.78653pt.
File: lily-crotchetDown.pdf Graphic file (type pdf)
<use lily-crotchetDown.pdf>
Package luatex.def Info: lily-crotchetDown.pdf  used on input line 208.
(luatex.def)             Requested size: 4.51685pt x 9.0337pt.
luaotfload | aux : font no 81 (nil) defines no feature for script latn
luaotfload | aux : font no 81 (nil) defines no feature for script dflt
luaotfload | aux : font no 81 (nil) defines no feature for script latn
luaotfload | aux : font no 81 (nil) defines no feature for script dflt
luaotfload | aux : font no 81 (nil) defines no feature for script latn
luaotfload | aux : font no 81 (nil) defines no feature for script dflt
File: lily-crotchetDottedDown.pdf Graphic file (type pdf)
<use lily-crotchetDottedDown.pdf>
Package luatex.def Info: lily-crotchetDottedDown.pdf  used on input line 209.
(luatex.def)             Requested size: 6.77527pt x 9.0337pt.
luaotfload | aux : font no 81 (nil) defines no feature for script latn
luaotfload | aux : font no 81 (nil) defines no feature for script dflt
luaotfload | aux : font no 81 (nil) defines no feature for script latn
luaotfload | aux : font no 81 (nil) defines no feature for script dflt
File: lily-quaver.pdf Graphic file (type pdf)
<use lily-quaver.pdf>
Package luatex.def Info: lily-quaver.pdf  used on input line 209.
(luatex.def)             Requested size: 6.77527pt x 10.53934pt.
luaotfload | aux : font no 81 (nil) defines no feature for script latn
luaotfload | aux : font no 81 (nil) defines no feature for script dflt
File: lily-crotchetDottedDown.pdf Graphic file (type pdf)
<use lily-crotchetDottedDown.pdf>
Package luatex.def Info: lily-crotchetDottedDown.pdf  used on input line 209.
(luatex.def)             Requested size: 6.77527pt x 9.0337pt.
File: lily-decrescHairpin.pdf Graphic file (type pdf)
<use lily-decrescHairpin.pdf>
Package luatex.def Info: lily-decrescHairpin.pdf  used on input line 209.
(luatex.def)             Requested size: 14.45386pt x 5.42018pt.
File: lily-crotchetDown.pdf Graphic file (type pdf)
<use lily-crotchetDown.pdf>
Package luatex.def Info: lily-crotchetDown.pdf  used on input line 209.
(luatex.def)             Requested size: 4.51685pt x 9.0337pt.
luaotfload | aux : font no 81 (nil) defines no feature for script latn
luaotfload | aux : font no 81 (nil) defines no feature for script dflt
luaotfload | aux : font no 81 (nil) defines no feature for script latn
luaotfload | aux : font no 81 (nil) defines no feature for script dflt
luaotfload | aux : font no 81 (nil) defines no feature for script latn
luaotfload | aux : font no 81 (nil) defines no feature for script dflt
File: lily-crotchetDown.pdf Graphic file (type pdf)
<use lily-crotchetDown.pdf>
Package luatex.def Info: lily-crotchetDown.pdf  used on input line 209.
(luatex.def)             Requested size: 4.51685pt x 9.0337pt.
luaotfload | aux : font no 81 (nil) defines no feature for script latn
luaotfload | aux : font no 81 (nil) defines no feature for script dflt
luaotfload | aux : font no 81 (nil) defines no feature for script latn
luaotfload | aux : font no 81 (nil) defines no feature for script dflt
luaotfload | aux : font no 81 (nil) defines no feature for script latn
luaotfload | aux : font no 81 (nil) defines no feature for script dflt
File: lily-crotchetDown.pdf Graphic file (type pdf)
<use lily-crotchetDown.pdf>
Package luatex.def Info: lily-crotchetDown.pdf  used on input line 209.
(luatex.def)             Requested size: 4.51685pt x 9.0337pt.
luaotfload | aux : font no 81 (nil) defines no feature for script latn
luaotfload | aux : font no 81 (nil) defines no feature for script dflt
luaotfload | aux : font no 81 (nil) defines no feature for script latn
luaotfload | aux : font no 81 (nil) defines no feature for script dflt
Overfull \hbox (20.66095pt too wide) in paragraph at lines 209--210
[]|\LTJY3/SimSun(0)/m/n/10.53937 若 []|对 []|在[]|中 |可 |替 |换 [] |
即[]|替 |换 []|后 |不 |会 |被 |约 |束 [] \TU/lmr/m/n/10.53937 ,[][][][
][][][][],
 []

File: lily-quaver.pdf Graphic file (type pdf)
<use lily-quaver.pdf>
Package luatex.def Info: lily-quaver.pdf  used on input line 210.
(luatex.def)             Requested size: 6.77527pt x 10.53934pt.
luaotfload | aux : font no 81 (nil) defines no feature for script latn
luaotfload | aux : font no 81 (nil) defines no feature for script dflt
luaotfload | aux : font no 81 (nil) defines no feature for script latn
luaotfload | aux : font no 81 (nil) defines no feature for script dflt
File: lily-crotchetDown.pdf Graphic file (type pdf)
<use lily-crotchetDown.pdf>
Package luatex.def Info: lily-crotchetDown.pdf  used on input line 210.
(luatex.def)             Requested size: 4.51685pt x 9.0337pt.
File: lily-decrescHairpin.pdf Graphic file (type pdf)
<use lily-decrescHairpin.pdf>
Package luatex.def Info: lily-decrescHairpin.pdf  used on input line 210.
(luatex.def)             Requested size: 14.45386pt x 5.42018pt.
File: lily-halfNoteDown.pdf Graphic file (type pdf)
<use lily-halfNoteDown.pdf>
Package luatex.def Info: lily-halfNoteDown.pdf  used on input line 210.
(luatex.def)             Requested size: 4.51685pt x 9.78653pt.
luaotfload | aux : font no 81 (nil) defines no feature for script latn
luaotfload | aux : font no 81 (nil) defines no feature for script dflt
File: lily-decrescHairpin.pdf Graphic file (type pdf)
<use lily-decrescHairpin.pdf>
Package luatex.def Info: lily-decrescHairpin.pdf  used on input line 210.
(luatex.def)             Requested size: 14.45386pt x 5.42018pt.
luaotfload | aux : font no 81 (nil) defines no feature for script latn
luaotfload | aux : font no 81 (nil) defines no feature for script dflt
File: lily-quaver.pdf Graphic file (type pdf)
<use lily-quaver.pdf>
Package luatex.def Info: lily-quaver.pdf  used on input line 210.
(luatex.def)             Requested size: 6.77527pt x 10.53934pt.
luaotfload | aux : font no 81 (nil) defines no feature for script latn
luaotfload | aux : font no 81 (nil) defines no feature for script dflt
File: lily-crotchetDottedDown.pdf Graphic file (type pdf)
<use lily-crotchetDottedDown.pdf>
Package luatex.def Info: lily-crotchetDottedDown.pdf  used on input line 210.
(luatex.def)             Requested size: 6.77527pt x 9.0337pt.
File: lily-decrescHairpin.pdf Graphic file (type pdf)
<use lily-decrescHairpin.pdf>
Package luatex.def Info: lily-decrescHairpin.pdf  used on input line 210.
(luatex.def)             Requested size: 14.45386pt x 5.42018pt.
File: lily-quaver.pdf Graphic file (type pdf)
<use lily-quaver.pdf>
Package luatex.def Info: lily-quaver.pdf  used on input line 210.
(luatex.def)             Requested size: 6.77527pt x 10.53934pt.
luaotfload | aux : font no 81 (nil) defines no feature for script latn
luaotfload | aux : font no 81 (nil) defines no feature for script dflt
File: lily-halfNoteDown.pdf Graphic file (type pdf)
<use lily-halfNoteDown.pdf>
Package luatex.def Info: lily-halfNoteDown.pdf  used on input line 210.
(luatex.def)             Requested size: 4.51685pt x 9.78653pt.
luaotfload | aux : font no 81 (nil) defines no feature for script latn
luaotfload | aux : font no 81 (nil) defines no feature for script dflt
File: lily-crotchetDottedDown.pdf Graphic file (type pdf)
<use lily-crotchetDottedDown.pdf>
Package luatex.def Info: lily-crotchetDottedDown.pdf  used on input line 211.
(luatex.def)             Requested size: 6.77527pt x 9.0337pt.
File: lily-decrescHairpin.pdf Graphic file (type pdf)
<use lily-decrescHairpin.pdf>
Package luatex.def Info: lily-decrescHairpin.pdf  used on input line 211.
(luatex.def)             Requested size: 14.45386pt x 5.42018pt.
File: lily-quaver.pdf Graphic file (type pdf)
<use lily-quaver.pdf>
Package luatex.def Info: lily-quaver.pdf  used on input line 211.
(luatex.def)             Requested size: 6.77527pt x 10.53934pt.
luaotfload | aux : font no 81 (nil) defines no feature for script latn
luaotfload | aux : font no 81 (nil) defines no feature for script dflt
File: lily-crotchetDottedDown.pdf Graphic file (type pdf)
<use lily-crotchetDottedDown.pdf>
Package luatex.def Info: lily-crotchetDottedDown.pdf  used on input line 211.
(luatex.def)             Requested size: 6.77527pt x 9.0337pt.
luaotfload | aux : font no 81 (nil) defines no feature for script latn
luaotfload | aux : font no 81 (nil) defines no feature for script dflt
File: lily-crotchetDottedDown.pdf Graphic file (type pdf)
<use lily-crotchetDottedDown.pdf>
Package luatex.def Info: lily-crotchetDottedDown.pdf  used on input line 211.
(luatex.def)             Requested size: 6.77527pt x 9.0337pt.
File: lily-crotchetDown.pdf Graphic file (type pdf)
<use lily-crotchetDown.pdf>
Package luatex.def Info: lily-crotchetDown.pdf  used on input line 215.
(luatex.def)             Requested size: 4.51685pt x 9.0337pt.
File: lily-crotchetDown.pdf Graphic file (type pdf)
<use lily-crotchetDown.pdf>
Package luatex.def Info: lily-crotchetDown.pdf  used on input line 215.
(luatex.def)             Requested size: 4.51685pt x 9.0337pt.
File: lily-decrescHairpin.pdf Graphic file (type pdf)
<use lily-decrescHairpin.pdf>
Package luatex.def Info: lily-decrescHairpin.pdf  used on input line 215.
(luatex.def)             Requested size: 14.45386pt x 5.42018pt.
File: lily-halfNoteDown.pdf Graphic file (type pdf)
<use lily-halfNoteDown.pdf>
Package luatex.def Info: lily-halfNoteDown.pdf  used on input line 215.
(luatex.def)             Requested size: 4.51685pt x 9.78653pt.
File: lily-halfNoteDown.pdf Graphic file (type pdf)
<use lily-halfNoteDown.pdf>
Package luatex.def Info: lily-halfNoteDown.pdf  used on input line 215.
(luatex.def)             Requested size: 4.51685pt x 9.78653pt.
File: lily-crotchetDown.pdf Graphic file (type pdf)
<use lily-crotchetDown.pdf>
Package luatex.def Info: lily-crotchetDown.pdf  used on input line 217.
(luatex.def)             Requested size: 4.51685pt x 9.0337pt.
File: lily-crotchetDown.pdf Graphic file (type pdf)
<use lily-crotchetDown.pdf>
Package luatex.def Info: lily-crotchetDown.pdf  used on input line 217.
(luatex.def)             Requested size: 4.51685pt x 9.0337pt.
File: lily-decrescHairpin.pdf Graphic file (type pdf)
<use lily-decrescHairpin.pdf>
Package luatex.def Info: lily-decrescHairpin.pdf  used on input line 217.
(luatex.def)             Requested size: 14.45386pt x 5.42018pt.
File: lily-halfNoteDown.pdf Graphic file (type pdf)
<use lily-halfNoteDown.pdf>
Package luatex.def Info: lily-halfNoteDown.pdf  used on input line 217.
(luatex.def)             Requested size: 4.51685pt x 9.78653pt.
File: lily-halfNoteDown.pdf Graphic file (type pdf)
<use lily-halfNoteDown.pdf>
Package luatex.def Info: lily-halfNoteDown.pdf  used on input line 217.
(luatex.def)             Requested size: 4.51685pt x 9.78653pt.
luaotfload | aux : font no 81 (nil) defines no feature for script latn
luaotfload | aux : font no 81 (nil) defines no feature for script dflt
File: lily-quaver.pdf Graphic file (type pdf)
<use lily-quaver.pdf>
Package luatex.def Info: lily-quaver.pdf  used on input line 219.
(luatex.def)             Requested size: 6.77527pt x 10.53934pt.
File: lily-twoBeamedQuavers.pdf Graphic file (type pdf)
<use lily-twoBeamedQuavers.pdf>
Package luatex.def Info: lily-twoBeamedQuavers.pdf  used on input line 219.
(luatex.def)             Requested size: 10.53929pt x 11.94452pt.
luaotfload | aux : font no 81 (nil) defines no feature for script latn
luaotfload | aux : font no 81 (nil) defines no feature for script dflt
File: lily-decrescHairpin.pdf Graphic file (type pdf)
<use lily-decrescHairpin.pdf>
Package luatex.def Info: lily-decrescHairpin.pdf  used on input line 219.
(luatex.def)             Requested size: 14.45386pt x 5.42018pt.
luaotfload | aux : font no 81 (nil) defines no feature for script latn
luaotfload | aux : font no 81 (nil) defines no feature for script dflt
luaotfload | aux : font no 81 (nil) defines no feature for script latn
luaotfload | aux : font no 81 (nil) defines no feature for script dflt [7<c:/tex
live/2021/texmf-dist/tex/latex/lilyglyphs/pdfs/lily-crotchet.pdf><c:/texlive/202
1/texmf-dist/tex/latex/lilyglyphs/pdfs/lily-crotchetDown.pdf><c:/texlive/2021/te
xmf-dist/tex/latex/lilyglyphs/pdfs/lily-quaver.pdf><c:/texlive/2021/texmf-dist/t
ex/latex/lilyglyphs/pdfs/lily-halfNoteDown.pdf><c:/texlive/2021/texmf-dist/tex/l
atex/lilyglyphs/pdfs/lily-crotchetDottedDown.pdf><c:/texlive/2021/texmf-dist/tex
/latex/lilyglyphs/pdfs/lily-twoBeamedQuavers.pdf><c:/texlive/2021/texmf-dist/tex
/latex/lilyglyphs/pdfs/lily-quaverDottedDouble.pdf><c:/texlive/2021/texmf-dist/t
ex/latex/lilyglyphs/pdfs/lily-decrescHairpin.pdf><c:/texlive/2021/texmf-dist/tex
/latex/lilyglyphs/pdfs/lily-halfNoteDottedDown.pdf>]

LaTeX Font Warning: Command \normalsize invalid in math mode on input line 232.


File: lily-quaver.pdf Graphic file (type pdf)
<use lily-quaver.pdf>
Package luatex.def Info: lily-quaver.pdf  used on input line 232.
(luatex.def)             Requested size: 6.77527pt x 10.53934pt.
luaotfload | aux : font no 81 (nil) defines no feature for script latn
luaotfload | aux : font no 81 (nil) defines no feature for script dflt
luaotfload | aux : font no 81 (nil) defines no feature for script latn
luaotfload | aux : font no 81 (nil) defines no feature for script dflt
luaotfload | aux : font no 81 (nil) defines no feature for script latn
luaotfload | aux : font no 81 (nil) defines no feature for script dflt

LaTeX Font Warning: Command \normalsize invalid in math mode on input line 232.


File: lily-crotchet.pdf Graphic file (type pdf)
<use lily-crotchet.pdf>
Package luatex.def Info: lily-crotchet.pdf  used on input line 232.
(luatex.def)             Requested size: 4.51685pt x 9.0337pt.
luaotfload | aux : font no 81 (nil) defines no feature for script latn
luaotfload | aux : font no 81 (nil) defines no feature for script dflt
luaotfload | aux : font no 81 (nil) defines no feature for script latn
luaotfload | aux : font no 81 (nil) defines no feature for script dflt
luaotfload | aux : font no 81 (nil) defines no feature for script latn
luaotfload | aux : font no 81 (nil) defines no feature for script dflt

LaTeX Font Warning: Command \normalsize invalid in math mode on input line 232.


File: lily-crotchetDown.pdf Graphic file (type pdf)
<use lily-crotchetDown.pdf>
Package luatex.def Info: lily-crotchetDown.pdf  used on input line 232.
(luatex.def)             Requested size: 4.51685pt x 9.0337pt.
luaotfload | aux : font no 81 (nil) defines no feature for script latn
luaotfload | aux : font no 81 (nil) defines no feature for script dflt

LaTeX Font Warning: Command \normalsize invalid in math mode on input line 232.


File: lily-crotchet.pdf Graphic file (type pdf)
<use lily-crotchet.pdf>
Package luatex.def Info: lily-crotchet.pdf  used on input line 232.
(luatex.def)             Requested size: 4.51685pt x 9.0337pt.

LaTeX Font Warning: Command \normalsize invalid in math mode on input line 232.


File: lily-crotchetDown.pdf Graphic file (type pdf)
<use lily-crotchetDown.pdf>
Package luatex.def Info: lily-crotchetDown.pdf  used on input line 232.
(luatex.def)             Requested size: 4.51685pt x 9.0337pt.
[8] [9] [10]
<The-universe-V-of-all-pure-sets_Q320.jpg, id=133, 107.56465pt x 107.56465pt>
File: The-universe-V-of-all-pure-sets_Q320.jpg Graphic file (type jpg)
<use The-universe-V-of-all-pure-sets_Q320.jpg>
Package luatex.def Info: The-universe-V-of-all-pure-sets_Q320.jpg  used on inpu
t line 318.
(luatex.def)             Requested size: 256.0748pt x 256.07924pt.
 [11] [12<./The-universe-V-of-all-pure-sets_Q320.jpg>] [13]
<3.jpg, id=144, 747.54282pt x 392.96812pt>
File: 3.jpg Graphic file (type jpg)
<use 3.jpg>
Package luatex.def Info: 3.jpg  used on input line 422.
(luatex.def)             Requested size: 426.79134pt x 224.35391pt.

Overfull \hbox (102.87007pt too wide) in paragraph at lines 422--423
[][] 
 []

[14]
<a6efce1b9d16fdfaf226d8ddb38f8c5494ee7bbe.jpg, id=148, 630.10406pt x 263.48438p
t>
File: a6efce1b9d16fdfaf226d8ddb38f8c5494ee7bbe.jpg Graphic file (type jpg)
<use a6efce1b9d16fdfaf226d8ddb38f8c5494ee7bbe.jpg>
Package luatex.def Info: a6efce1b9d16fdfaf226d8ddb38f8c5494ee7bbe.jpg  used on 
input line 438.
(luatex.def)             Requested size: 426.79134pt x 178.46744pt.

Overfull \hbox (102.87007pt too wide) in paragraph at lines 438--439
[][] 
 []

[15<./3.jpg>]

LaTeX Warning: Citation `kunen' on page 16 undefined on input line 442.

<1.jpg, id=152, 730.98094pt x 201.75375pt>
File: 1.jpg Graphic file (type jpg)
<use 1.jpg>
Package luatex.def Info: 1.jpg  used on input line 444.
(luatex.def)             Requested size: 426.79134pt x 117.79611pt.

Overfull \hbox (102.87007pt too wide) in paragraph at lines 444--445
[][] 
 []

<2.jpg, id=153, 747.54282pt x 199.49532pt>
File: 2.jpg Graphic file (type jpg)
<use 2.jpg>
Package luatex.def Info: 2.jpg  used on input line 452.
(luatex.def)             Requested size: 426.79134pt x 113.89613pt.

Overfull \hbox (102.87007pt too wide) in paragraph at lines 452--453
[][] 
 []

[16<./a6efce1b9d16fdfaf226d8ddb38f8c5494ee7bbe.jpg><./1.jpg>]

LaTeX Warning: Citation `Putnam_and_Benacerraf' on page 17 undefined on input l
ine 458.

(load cache: extra_lmroman9-regular.luc)
LaTeX Font Info:    External font `cmex10' loaded for size
(Font)              <15.05624> on input line 462.
LaTeX Font Info:    External font `cmex10' loaded for size
(Font)              <9.03374> on input line 462.
<1afdeb30d248eff.jpg, id=157, 2312.64pt x 1321.93875pt>
File: 1afdeb30d248eff.jpg Graphic file (type jpg)
<use 1afdeb30d248eff.jpg>
Package luatex.def Info: 1afdeb30d248eff.jpg  used on input line 465.
(luatex.def)             Requested size: 426.79134pt x 243.9497pt.

Overfull \hbox (102.87007pt too wide) in paragraph at lines 465--466
[][] 
 []

<fd38913ba3f3ab6.jpg, id=158, 4625.28pt x 3468.96pt>
File: fd38913ba3f3ab6.jpg Graphic file (type jpg)
<use fd38913ba3f3ab6.jpg>
Package luatex.def Info: fd38913ba3f3ab6.jpg  used on input line 467.
(luatex.def)             Requested size: 4625.26878pt x 3468.95158pt.

Overfull \hbox (102.86945pt too wide) in paragraph at lines 467--468
[][] 
 []


LaTeX Warning: Citation `WangFT' undefined on input line 469.

No file 自然数与集合论.bbl.
[17<./2.jpg><./1afdeb30d248eff.jpg>]
Overfull \vbox (24.05429pt too high) has occurred while \output is active []


[18<./fd38913ba3f3ab6.jpg>] (./自然数与集合论.aux)

LaTeX Warning: There were undefined references.

)

Here is how much of LuaTeX's memory you used:
 21901 strings out of 478531
 244160,794899 words of node,token memory allocated
 12415 words of node memory still in use:
   4 hlist, 1 vlist, 1 rule, 2 glue, 13 kern, 5 penalty, 1 glyph, 2606 attribute
, 1254 glue_spec, 147 attribute_list, 2 write, 103 user_defined nodes
   avail lists: 1:7,2:81416,3:864,4:2026,5:27,6:44,7:3980,8:179,9:2918,10:28,11:
8
 40513 multiletter control sequences out of 65536+600000
 96 fonts using 79402831 bytes
 101i,8n,99p,1480b,481s stack positions out of 5000i,500n,10000p,200000b,80000s
<c:/Windows/Fonts/seguiemj.ttf><c:/texlive/2021/texmf-dist/fonts/opentype/public
/lilyglyphs/emmentaler-16.otf><c:/texlive/2021/texmf-dist/fonts/opentype/public/
lm/lmroman10-bold.otf><c:/Windows/Fonts/simkai.ttf><c:/texlive/2021/texmf-dist/f
onts/opentype/public/lm/lmromanslant10-regular.otf><c:/texlive/2021/texmf-dist/f
onts/opentype/public/lm/lmroman10-regular.otf><c:/Windows/Fonts/simhei.ttf><c:/t
exlive/2021/texmf-dist/fonts/opentype/public/lm/lmroman12-bold.otf><c:/texlive/2
021/texmf-dist/fonts/opentype/public/lm/lmroman12-regular.otf><c:/Windows/Fonts/
simsun.ttc><c:/texlive/2021/texmf-dist/fonts/type1/public/amsfonts/cm/cmex10.pfb
><c:/texlive/2021/texmf-dist/fonts/type1/public/amsfonts/cm/cmmi10.pfb><c:/texli
ve/2021/texmf-dist/fonts/type1/public/amsfonts/cm/cmmi7.pfb><c:/texlive/2021/tex
mf-dist/fonts/type1/public/amsfonts/cm/cmr10.pfb><c:/texlive/2021/texmf-dist/fon
ts/type1/public/amsfonts/cm/cmr12.pfb><c:/texlive/2021/texmf-dist/fonts/type1/pu
blic/amsfonts/cm/cmr5.pfb><c:/texlive/2021/texmf-dist/fonts/type1/public/amsfont
s/cm/cmr7.pfb><c:/texlive/2021/texmf-dist/fonts/type1/public/amsfonts/cm/cmsy10.
pfb><c:/texlive/2021/texmf-dist/fonts/type1/public/amsfonts/cm/cmsy7.pfb>
Output written on 自然数与集合论.pdf (18 pages, 5488668 bytes).

PDF statistics: 257 PDF objects out of 1000 (max. 8388607)
 160 compressed objects within 2 object streams
 0 named destinations out of 1000 (max. 131072)
 16 words of extra memory for PDF output out of 10000 (max. 100000000)

