\BOOKMARK [0][-]{Doc-Start}{\376\377\144\130\000\040\211\201}{}% 1
\BOOKMARK [0][-]{Doc-Start}{\376\377\000A\000b\000s\000t\000r\000a\000c\000t}{}% 2
\BOOKMARK [0][-]{chapter*.4}{\376\377\173\046\123\367\122\027\210\150}{}% 3
\BOOKMARK [0][-]{chapter.1}{\376\377\176\352\213\272\000\050\172\340\150\007\230\230\117\177\165\050\134\017\116\214\123\367\236\321\117\123\000\051}{}% 4
\BOOKMARK [1][-]{section.1.1}{\376\377\116\214\176\247\202\202\150\007\230\230\000\050\134\017\116\011\123\367\236\321\117\123\000\051}{chapter.1}% 5
\BOOKMARK [2][-]{subsection.1.1.1}{\376\377\116\011\176\247\134\017\202\202\150\007\230\230\000\050\126\333\123\367\236\321\117\123\000\051}{section.1.1}% 6
\BOOKMARK [1][-]{section.1.2}{\376\377\133\127\117\123\155\113\213\325}{chapter.1}% 7
\BOOKMARK [1][-]{section.1.3}{\376\377\127\372\147\054\117\341\140\157\130\153\121\231}{chapter.1}% 8
\BOOKMARK [1][-]{section.1.4}{\376\377\172\340\202\202\166\204\143\322\121\145}{chapter.1}% 9
\BOOKMARK [0][-]{chapter.2}{\376\377\126\376\060\001\210\150\150\074\060\001\121\154\137\017}{}% 10
\BOOKMARK [1][-]{section.2.1}{\376\377\126\376\137\142}{chapter.2}% 11
\BOOKMARK [2][-]{subsection.2.1.1}{\376\377\173\200\123\125\126\376\137\142}{section.2.1}% 12
\BOOKMARK [2][-]{subsection.2.1.2}{\376\377\133\120\126\376}{section.2.1}% 13
\BOOKMARK [1][-]{section.2.2}{\376\377\210\150\150\074}{chapter.2}% 14
\BOOKMARK [1][-]{section.2.3}{\376\377\162\171\122\053\154\350\141\017}{chapter.2}% 15
\BOOKMARK [1][-]{section.2.4}{\376\377\121\154\137\017}{chapter.2}% 16
\BOOKMARK [2][-]{subsection.2.4.1}{\376\377\177\026\123\367\116\016\122\006\210\114}{section.2.4}% 17
\BOOKMARK [2][-]{subsection.2.4.2}{\376\377\142\354\123\367}{section.2.4}% 18
\BOOKMARK [0][-]{chapter.3}{\376\377\133\232\164\006\163\257\130\203\060\001\137\025\165\050\060\001\123\302\200\003\145\207\163\056}{}% 19
\BOOKMARK [1][-]{section.3.1}{\376\377\133\232\164\006\163\257\130\203}{chapter.3}% 20
\BOOKMARK [1][-]{section.3.2}{\376\377\137\025\165\050}{chapter.3}% 21
\BOOKMARK [1][-]{section.3.3}{\376\377\123\302\200\003\145\207\163\056}{chapter.3}% 22
\BOOKMARK [2][-]{subsection.3.3.1}{\376\377\123\302\200\003\145\207\163\056\150\067\137\017}{section.3.3}% 23
\BOOKMARK [0][-]{chapter.4}{\376\377\176\323\213\355}{}% 24
\BOOKMARK [0][-]{chapter*.19}{\376\377\123\302\200\003\145\207\163\056}{}% 25
\BOOKMARK [0][-]{appendix.A}{\376\377\131\202\147\234\147\011\116\000\116\052\150\007\230\230}{}% 26
\BOOKMARK [0][-]{appendix*.21}{\376\377\201\364\000\040\214\042}{}% 27
\BOOKMARK [0][-]{appendix*.22}{\376\377\117\134\200\005\145\073\213\373\133\146\117\115\147\037\225\364\123\321\210\150\166\204\133\146\147\057\213\272\145\207\166\356\137\125}{}% 28
